{"/home/pandora/Lenterra/lenterra-app/src/data/cache/catalog.ts": {"path":"/home/pandora/Lenterra/lenterra-app/src/data/cache/catalog.ts","statementMap":{"0":{"start":{"line":28,"column":2},"end":{"line":28,"column":57}},"1":{"start":{"line":32,"column":2},"end":{"line":32,"column":82}},"2":{"start":{"line":36,"column":2},"end":{"line":36,"column":70}},"3":{"start":{"line":54,"column":2},"end":{"line":54,"column":47}},"4":{"start":{"line":54,"column":34},"end":{"line":54,"column":47}},"5":{"start":{"line":56,"column":2},"end":{"line":61,"column":26}},"6":{"start":{"line":62,"column":2},"end":{"line":62,"column":14}},"7":{"start":{"line":66,"column":17},"end":{"line":66,"column":88}},"8":{"start":{"line":67,"column":2},"end":{"line":67,"column":27}},"9":{"start":{"line":67,"column":15},"end":{"line":67,"column":27}},"10":{"start":{"line":71,"column":2},"end":{"line":74,"column":3}},"11":{"start":{"line":72,"column":4},"end":{"line":72,"column":61}},"12":{"start":{"line":73,"column":4},"end":{"line":73,"column":16}},"13":{"start":{"line":75,"column":2},"end":{"line":75,"column":26}},"14":{"start":{"line":79,"column":2},"end":{"line":79,"column":75}},"15":{"start":{"line":94,"column":17},"end":{"line":94,"column":60}},"16":{"start":{"line":95,"column":2},"end":{"line":95,"column":27}},"17":{"start":{"line":95,"column":15},"end":{"line":95,"column":27}},"18":{"start":{"line":97,"column":15},"end":{"line":97,"column":57}},"19":{"start":{"line":98,"column":2},"end":{"line":100,"column":3}},"20":{"start":{"line":99,"column":4},"end":{"line":99,"column":77}},"21":{"start":{"line":99,"column":34},"end":{"line":99,"column":77}},"22":{"start":{"line":101,"column":2},"end":{"line":101,"column":14}},"23":{"start":{"line":110,"column":28},"end":{"line":110,"column":30}},"24":{"start":{"line":111,"column":2},"end":{"line":114,"column":3}},"25":{"start":{"line":112,"column":19},"end":{"line":112,"column":96}},"26":{"start":{"line":113,"column":4},"end":{"line":113,"column":76}},"27":{"start":{"line":113,"column":51},"end":{"line":113,"column":76}},"28":{"start":{"line":115,"column":2},"end":{"line":115,"column":17}},"29":{"start":{"line":125,"column":16},"end":{"line":125,"column":41}},"30":{"start":{"line":126,"column":2},"end":{"line":126,"column":65}},"31":{"start":{"line":126,"column":28},"end":{"line":126,"column":65}}},"fnMap":{"0":{"name":"partKey","decl":{"start":{"line":27,"column":9},"end":{"line":27,"column":16}},"loc":{"start":{"line":27,"column":56},"end":{"line":29,"column":1}},"line":27},"1":{"name":"currentCatalogVersion","decl":{"start":{"line":31,"column":16},"end":{"line":31,"column":37}},"loc":{"start":{"line":31,"column":72},"end":{"line":33,"column":1}},"line":31},"2":{"name":"setCurrentCatalogVersion","decl":{"start":{"line":35,"column":16},"end":{"line":35,"column":40}},"loc":{"start":{"line":35,"column":83},"end":{"line":37,"column":1}},"line":35},"3":{"name":"storePart","decl":{"start":{"line":45,"column":16},"end":{"line":45,"column":25}},"loc":{"start":{"line":51,"column":11},"end":{"line":63,"column":1}},"line":51},"4":{"name":"readPart","decl":{"start":{"line":65,"column":16},"end":{"line":65,"column":24}},"loc":{"start":{"line":65,"column":88},"end":{"line":76,"column":1}},"line":65},"5":{"name":"missionsFor","decl":{"start":{"line":78,"column":16},"end":{"line":78,"column":27}},"loc":{"start":{"line":78,"column":89},"end":{"line":80,"column":1}},"line":78},"6":{"name":"findMission","decl":{"start":{"line":89,"column":16},"end":{"line":89,"column":27}},"loc":{"start":{"line":93,"column":55},"end":{"line":102,"column":1}},"line":93},"7":{"name":"partsToPull","decl":{"start":{"line":105,"column":16},"end":{"line":105,"column":27}},"loc":{"start":{"line":109,"column":12},"end":{"line":116,"column":1}},"line":109},"8":{"name":"evictVersion","decl":{"start":{"line":124,"column":16},"end":{"line":124,"column":28}},"loc":{"start":{"line":124,"column":88},"end":{"line":127,"column":1}},"line":124}},"branchMap":{"0":{"loc":{"start":{"line":32,"column":9},"end":{"line":32,"column":81}},"type":"binary-expr","locations":[{"start":{"line":32,"column":9},"end":{"line":32,"column":73}},{"start":{"line":32,"column":77},"end":{"line":32,"column":81}}],"line":32},"1":{"loc":{"start":{"line":54,"column":2},"end":{"line":54,"column":47}},"type":"if","locations":[{"start":{"line":54,"column":2},"end":{"line":54,"column":47}},{"start":{},"end":{}}],"line":54},"2":{"loc":{"start":{"line":67,"column":2},"end":{"line":67,"column":27}},"type":"if","locations":[{"start":{"line":67,"column":2},"end":{"line":67,"column":27}},{"start":{},"end":{}}],"line":67},"3":{"loc":{"start":{"line":71,"column":2},"end":{"line":74,"column":3}},"type":"if","locations":[{"start":{"line":71,"column":2},"end":{"line":74,"column":3}},{"start":{},"end":{}}],"line":71},"4":{"loc":{"start":{"line":79,"column":9},"end":{"line":79,"column":74}},"type":"binary-expr","locations":[{"start":{"line":79,"column":9},"end":{"line":79,"column":68}},{"start":{"line":79,"column":72},"end":{"line":79,"column":74}}],"line":79},"5":{"loc":{"start":{"line":94,"column":17},"end":{"line":94,"column":60}},"type":"binary-expr","locations":[{"start":{"line":94,"column":17},"end":{"line":94,"column":24}},{"start":{"line":94,"column":28},"end":{"line":94,"column":60}}],"line":94},"6":{"loc":{"start":{"line":95,"column":2},"end":{"line":95,"column":27}},"type":"if","locations":[{"start":{"line":95,"column":2},"end":{"line":95,"column":27}},{"start":{},"end":{}}],"line":95},"7":{"loc":{"start":{"line":99,"column":4},"end":{"line":99,"column":77}},"type":"if","locations":[{"start":{"line":99,"column":4},"end":{"line":99,"column":77}},{"start":{},"end":{}}],"line":99},"8":{"loc":{"start":{"line":113,"column":4},"end":{"line":113,"column":76}},"type":"if","locations":[{"start":{"line":113,"column":4},"end":{"line":113,"column":76}},{"start":{},"end":{}}],"line":113},"9":{"loc":{"start":{"line":113,"column":8},"end":{"line":113,"column":49}},"type":"binary-expr","locations":[{"start":{"line":113,"column":8},"end":{"line":113,"column":15}},{"start":{"line":113,"column":19},"end":{"line":113,"column":49}}],"line":113}},"s":{"0":76,"1":22,"2":11,"3":14,"4":1,"5":13,"6":13,"7":27,"8":27,"9":21,"10":6,"11":0,"12":0,"13":6,"14":5,"15":0,"16":0,"17":0,"18":0,"19":0,"20":0,"21":0,"22":0,"23":28,"24":28,"25":34,"26":34,"27":18,"28":28,"29":2,"30":2,"31":2},"f":{"0":76,"1":22,"2":11,"3":14,"4":27,"5":5,"6":0,"7":28,"8":2},"b":{"0":[22,11],"1":[1,13],"2":[21,6],"3":[0,6],"4":[5,1],"5":[0,0],"6":[0,0],"7":[0,0],"8":[18,16],"9":[34,16]},"_coverageSchema":"1a1c01bbd47fc00a2c39e90264f33305004495a9","hash":"f9c39d8cb07a78ff291e188f7ff5ace5f2f50f04"}
,"/home/pandora/Lenterra/lenterra-app/src/data/cache/catalogSync.ts": {"path":"/home/pandora/Lenterra/lenterra-app/src/data/cache/catalogSync.ts","statementMap":{"0":{"start":{"line":44,"column":24},"end":{"line":44,"column":33}},"1":{"start":{"line":53,"column":33},"end":{"line":53,"column":40}},"2":{"start":{"line":55,"column":23},"end":{"line":68,"column":2}},"3":{"start":{"line":70,"column":19},"end":{"line":73,"column":2}},"4":{"start":{"line":104,"column":21},"end":{"line":104,"column":46}},"5":{"start":{"line":107,"column":2},"end":{"line":107,"column":75}},"6":{"start":{"line":111,"column":2},"end":{"line":115,"column":30}},"7":{"start":{"line":119,"column":2},"end":{"line":119,"column":49}},"8":{"start":{"line":126,"column":21},"end":{"line":126,"column":22}},"9":{"start":{"line":135,"column":2},"end":{"line":135,"column":22}},"10":{"start":{"line":136,"column":17},"end":{"line":136,"column":22}},"11":{"start":{"line":137,"column":2},"end":{"line":141,"column":4}},"12":{"start":{"line":138,"column":4},"end":{"line":138,"column":25}},"13":{"start":{"line":138,"column":18},"end":{"line":138,"column":25}},"14":{"start":{"line":139,"column":4},"end":{"line":139,"column":20}},"15":{"start":{"line":140,"column":4},"end":{"line":140,"column":53}},"16":{"start":{"line":145,"column":2},"end":{"line":145,"column":28}},"17":{"start":{"line":168,"column":15},"end":{"line":168,"column":47}},"18":{"start":{"line":171,"column":2},"end":{"line":180,"column":3}},"19":{"start":{"line":172,"column":4},"end":{"line":177,"column":6}},"20":{"start":{"line":179,"column":4},"end":{"line":179,"column":92}},"21":{"start":{"line":185,"column":19},"end":{"line":185,"column":66}},"22":{"start":{"line":185,"column":51},"end":{"line":185,"column":65}},"23":{"start":{"line":186,"column":18},"end":{"line":186,"column":68}},"24":{"start":{"line":188,"column":2},"end":{"line":196,"column":3}},"25":{"start":{"line":189,"column":4},"end":{"line":193,"column":5}},"26":{"start":{"line":192,"column":6},"end":{"line":192,"column":65}},"27":{"start":{"line":194,"column":4},"end":{"line":194,"column":29}},"28":{"start":{"line":195,"column":4},"end":{"line":195,"column":63}},"29":{"start":{"line":198,"column":17},"end":{"line":198,"column":71}},"30":{"start":{"line":198,"column":43},"end":{"line":198,"column":70}},"31":{"start":{"line":199,"column":16},"end":{"line":199,"column":65}},"32":{"start":{"line":199,"column":45},"end":{"line":199,"column":61}},"33":{"start":{"line":201,"column":2},"end":{"line":204,"column":3}},"34":{"start":{"line":202,"column":4},"end":{"line":202,"column":57}},"35":{"start":{"line":203,"column":4},"end":{"line":203,"column":96}},"36":{"start":{"line":209,"column":19},"end":{"line":209,"column":50}},"37":{"start":{"line":210,"column":2},"end":{"line":213,"column":3}},"38":{"start":{"line":211,"column":4},"end":{"line":211,"column":57}},"39":{"start":{"line":212,"column":4},"end":{"line":212,"column":87}},"40":{"start":{"line":215,"column":36},"end":{"line":220,"column":3}},"41":{"start":{"line":221,"column":2},"end":{"line":221,"column":33}},"42":{"start":{"line":223,"column":2},"end":{"line":248,"column":3}},"43":{"start":{"line":225,"column":4},"end":{"line":235,"column":5}},"44":{"start":{"line":226,"column":6},"end":{"line":231,"column":8}},"45":{"start":{"line":229,"column":64},"end":{"line":229,"column":73}},"46":{"start":{"line":234,"column":6},"end":{"line":234,"column":94}},"47":{"start":{"line":237,"column":4},"end":{"line":247,"column":5}},"48":{"start":{"line":238,"column":6},"end":{"line":243,"column":7}},"49":{"start":{"line":242,"column":8},"end":{"line":242,"column":57}},"50":{"start":{"line":244,"column":6},"end":{"line":244,"column":25}},"51":{"start":{"line":245,"column":6},"end":{"line":245,"column":80}},"52":{"start":{"line":245,"column":46},"end":{"line":245,"column":66}},"53":{"start":{"line":246,"column":6},"end":{"line":246,"column":44}},"54":{"start":{"line":252,"column":23},"end":{"line":252,"column":73}},"55":{"start":{"line":253,"column":2},"end":{"line":255,"column":3}},"56":{"start":{"line":254,"column":4},"end":{"line":254,"column":54}},"57":{"start":{"line":257,"column":2},"end":{"line":257,"column":61}},"58":{"start":{"line":258,"column":2},"end":{"line":258,"column":50}},"59":{"start":{"line":259,"column":2},"end":{"line":259,"column":27}},"60":{"start":{"line":260,"column":2},"end":{"line":260,"column":86}},"61":{"start":{"line":281,"column":2},"end":{"line":285,"column":4}},"62":{"start":{"line":284,"column":24},"end":{"line":284,"column":33}},"63":{"start":{"line":286,"column":2},"end":{"line":286,"column":47}},"64":{"start":{"line":288,"column":2},"end":{"line":288,"column":48}},"65":{"start":{"line":288,"column":41},"end":{"line":288,"column":48}},"66":{"start":{"line":289,"column":2},"end":{"line":289,"column":42}},"67":{"start":{"line":289,"column":35},"end":{"line":289,"column":42}},"68":{"start":{"line":291,"column":16},"end":{"line":291,"column":86}},"69":{"start":{"line":292,"column":2},"end":{"line":295,"column":3}},"70":{"start":{"line":293,"column":4},"end":{"line":293,"column":45}},"71":{"start":{"line":294,"column":4},"end":{"line":294,"column":62}},"72":{"start":{"line":299,"column":2},"end":{"line":299,"column":55}},"73":{"start":{"line":304,"column":32},"end":{"line":304,"column":34}},"74":{"start":{"line":305,"column":32},"end":{"line":305,"column":34}},"75":{"start":{"line":306,"column":13},"end":{"line":306,"column":14}},"76":{"start":{"line":308,"column":2},"end":{"line":318,"column":3}},"77":{"start":{"line":311,"column":4},"end":{"line":315,"column":5}},"78":{"start":{"line":312,"column":6},"end":{"line":312,"column":24}},"79":{"start":{"line":313,"column":6},"end":{"line":313,"column":19}},"80":{"start":{"line":314,"column":6},"end":{"line":314,"column":15}},"81":{"start":{"line":316,"column":4},"end":{"line":316,"column":23}},"82":{"start":{"line":317,"column":4},"end":{"line":317,"column":23}},"83":{"start":{"line":319,"column":2},"end":{"line":319,"column":44}},"84":{"start":{"line":319,"column":26},"end":{"line":319,"column":44}},"85":{"start":{"line":320,"column":2},"end":{"line":320,"column":13}},"86":{"start":{"line":332,"column":17},"end":{"line":332,"column":60}},"87":{"start":{"line":333,"column":2},"end":{"line":333,"column":22}},"88":{"start":{"line":333,"column":15},"end":{"line":333,"column":22}},"89":{"start":{"line":335,"column":2},"end":{"line":338,"column":3}},"90":{"start":{"line":336,"column":20},"end":{"line":336,"column":93}},"91":{"start":{"line":337,"column":4},"end":{"line":337,"column":54}},"92":{"start":{"line":337,"column":17},"end":{"line":337,"column":54}},"93":{"start":{"line":349,"column":18},"end":{"line":349,"column":50}},"94":{"start":{"line":350,"column":2},"end":{"line":350,"column":26}},"95":{"start":{"line":350,"column":16},"end":{"line":350,"column":26}},"96":{"start":{"line":352,"column":25},"end":{"line":352,"column":27}},"97":{"start":{"line":353,"column":2},"end":{"line":353,"column":79}},"98":{"start":{"line":353,"column":28},"end":{"line":353,"column":79}},"99":{"start":{"line":354,"column":2},"end":{"line":354,"column":13}}},"fnMap":{"0":{"name":"deferredUpdate","decl":{"start":{"line":106,"column":16},"end":{"line":106,"column":30}},"loc":{"start":{"line":106,"column":73},"end":{"line":108,"column":1}},"line":106},"1":{"name":"rememberDeferred","decl":{"start":{"line":110,"column":9},"end":{"line":110,"column":25}},"loc":{"start":{"line":110,"column":83},"end":{"line":116,"column":1}},"line":110},"2":{"name":"clearDeferred","decl":{"start":{"line":118,"column":9},"end":{"line":118,"column":22}},"loc":{"start":{"line":118,"column":48},"end":{"line":120,"column":1}},"line":118},"3":{"name":"holdCatalog","decl":{"start":{"line":134,"column":16},"end":{"line":134,"column":27}},"loc":{"start":{"line":134,"column":42},"end":{"line":142,"column":1}},"line":134},"4":{"name":"(anonymous_4)","decl":{"start":{"line":137,"column":9},"end":{"line":137,"column":10}},"loc":{"start":{"line":137,"column":15},"end":{"line":141,"column":3}},"line":137},"5":{"name":"catalogHeld","decl":{"start":{"line":144,"column":16},"end":{"line":144,"column":27}},"loc":{"start":{"line":144,"column":39},"end":{"line":146,"column":1}},"line":144},"6":{"name":"syncCatalog","decl":{"start":{"line":164,"column":22},"end":{"line":164,"column":33}},"loc":{"start":{"line":167,"column":30},"end":{"line":261,"column":1}},"line":167},"7":{"name":"(anonymous_7)","decl":{"start":{"line":185,"column":41},"end":{"line":185,"column":42}},"loc":{"start":{"line":185,"column":51},"end":{"line":185,"column":65}},"line":185},"8":{"name":"(anonymous_8)","decl":{"start":{"line":198,"column":33},"end":{"line":198,"column":34}},"loc":{"start":{"line":198,"column":43},"end":{"line":198,"column":70}},"line":198},"9":{"name":"(anonymous_9)","decl":{"start":{"line":199,"column":30},"end":{"line":199,"column":31}},"loc":{"start":{"line":199,"column":45},"end":{"line":199,"column":61}},"line":199},"10":{"name":"(anonymous_10)","decl":{"start":{"line":229,"column":54},"end":{"line":229,"column":55}},"loc":{"start":{"line":229,"column":64},"end":{"line":229,"column":73}},"line":229},"11":{"name":"(anonymous_11)","decl":{"start":{"line":245,"column":39},"end":{"line":245,"column":40}},"loc":{"start":{"line":245,"column":46},"end":{"line":245,"column":66}},"line":245},"12":{"name":"commitVersion","decl":{"start":{"line":272,"column":9},"end":{"line":272,"column":22}},"loc":{"start":{"line":277,"column":8},"end":{"line":296,"column":1}},"line":277},"13":{"name":"(anonymous_13)","decl":{"start":{"line":284,"column":14},"end":{"line":284,"column":15}},"loc":{"start":{"line":284,"column":24},"end":{"line":284,"column":33}},"line":284},"14":{"name":"partsIndexKey","decl":{"start":{"line":298,"column":9},"end":{"line":298,"column":22}},"loc":{"start":{"line":298,"column":48},"end":{"line":300,"column":1}},"line":298},"15":{"name":"batches","decl":{"start":{"line":303,"column":9},"end":{"line":303,"column":16}},"loc":{"start":{"line":303,"column":58},"end":{"line":321,"column":1}},"line":303},"16":{"name":"loadCatalogStrings","decl":{"start":{"line":331,"column":16},"end":{"line":331,"column":34}},"loc":{"start":{"line":331,"column":78},"end":{"line":339,"column":1}},"line":331},"17":{"name":"allCachedMissions","decl":{"start":{"line":348,"column":16},"end":{"line":348,"column":33}},"loc":{"start":{"line":348,"column":90},"end":{"line":355,"column":1}},"line":348}},"branchMap":{"0":{"loc":{"start":{"line":138,"column":4},"end":{"line":138,"column":25}},"type":"if","locations":[{"start":{"line":138,"column":4},"end":{"line":138,"column":25}},{"start":{},"end":{}}],"line":138},"1":{"loc":{"start":{"line":166,"column":2},"end":{"line":166,"column":34}},"type":"default-arg","locations":[{"start":{"line":166,"column":32},"end":{"line":166,"column":34}}],"line":166},"2":{"loc":{"start":{"line":175,"column":6},"end":{"line":175,"column":39}},"type":"cond-expr","locations":[{"start":{"line":175,"column":13},"end":{"line":175,"column":34}},{"start":{"line":175,"column":37},"end":{"line":175,"column":39}}],"line":175},"3":{"loc":{"start":{"line":179,"column":39},"end":{"line":179,"column":89}},"type":"cond-expr","locations":[{"start":{"line":179,"column":65},"end":{"line":179,"column":73}},{"start":{"line":179,"column":76},"end":{"line":179,"column":89}}],"line":179},"4":{"loc":{"start":{"line":188,"column":2},"end":{"line":196,"column":3}},"type":"if","locations":[{"start":{"line":188,"column":2},"end":{"line":196,"column":3}},{"start":{},"end":{}}],"line":188},"5":{"loc":{"start":{"line":189,"column":4},"end":{"line":193,"column":5}},"type":"if","locations":[{"start":{"line":189,"column":4},"end":{"line":193,"column":5}},{"start":{},"end":{}}],"line":189},"6":{"loc":{"start":{"line":201,"column":2},"end":{"line":204,"column":3}},"type":"if","locations":[{"start":{"line":201,"column":2},"end":{"line":204,"column":3}},{"start":{},"end":{}}],"line":201},"7":{"loc":{"start":{"line":201,"column":6},"end":{"line":201,"column":27}},"type":"binary-expr","locations":[{"start":{"line":201,"column":6},"end":{"line":201,"column":19}},{"start":{"line":201,"column":23},"end":{"line":201,"column":27}}],"line":201},"8":{"loc":{"start":{"line":209,"column":19},"end":{"line":209,"column":50}},"type":"binary-expr","locations":[{"start":{"line":209,"column":19},"end":{"line":209,"column":32}},{"start":{"line":209,"column":36},"end":{"line":209,"column":50}}],"line":209},"9":{"loc":{"start":{"line":210,"column":2},"end":{"line":213,"column":3}},"type":"if","locations":[{"start":{"line":210,"column":2},"end":{"line":213,"column":3}},{"start":{},"end":{}}],"line":210},"10":{"loc":{"start":{"line":210,"column":6},"end":{"line":210,"column":76}},"type":"binary-expr","locations":[{"start":{"line":210,"column":6},"end":{"line":210,"column":14}},{"start":{"line":210,"column":18},"end":{"line":210,"column":40}},{"start":{"line":210,"column":44},"end":{"line":210,"column":76}}],"line":210},"11":{"loc":{"start":{"line":234,"column":41},"end":{"line":234,"column":91}},"type":"cond-expr","locations":[{"start":{"line":234,"column":67},"end":{"line":234,"column":75}},{"start":{"line":234,"column":78},"end":{"line":234,"column":91}}],"line":234},"12":{"loc":{"start":{"line":238,"column":6},"end":{"line":243,"column":7}},"type":"if","locations":[{"start":{"line":238,"column":6},"end":{"line":243,"column":7}},{"start":{},"end":{}}],"line":238},"13":{"loc":{"start":{"line":245,"column":28},"end":{"line":245,"column":79}},"type":"binary-expr","locations":[{"start":{"line":245,"column":28},"end":{"line":245,"column":74}},{"start":{"line":245,"column":78},"end":{"line":245,"column":79}}],"line":245},"14":{"loc":{"start":{"line":253,"column":2},"end":{"line":255,"column":3}},"type":"if","locations":[{"start":{"line":253,"column":2},"end":{"line":255,"column":3}},{"start":{},"end":{}}],"line":253},"15":{"loc":{"start":{"line":288,"column":2},"end":{"line":288,"column":48}},"type":"if","locations":[{"start":{"line":288,"column":2},"end":{"line":288,"column":48}},{"start":{},"end":{}}],"line":288},"16":{"loc":{"start":{"line":288,"column":6},"end":{"line":288,"column":39}},"type":"binary-expr","locations":[{"start":{"line":288,"column":6},"end":{"line":288,"column":15}},{"start":{"line":288,"column":19},"end":{"line":288,"column":39}}],"line":288},"17":{"loc":{"start":{"line":289,"column":2},"end":{"line":289,"column":42}},"type":"if","locations":[{"start":{"line":289,"column":2},"end":{"line":289,"column":42}},{"start":{},"end":{}}],"line":289},"18":{"loc":{"start":{"line":292,"column":2},"end":{"line":295,"column":3}},"type":"if","locations":[{"start":{"line":292,"column":2},"end":{"line":295,"column":3}},{"start":{},"end":{}}],"line":292},"19":{"loc":{"start":{"line":311,"column":4},"end":{"line":315,"column":5}},"type":"if","locations":[{"start":{"line":311,"column":4},"end":{"line":315,"column":5}},{"start":{},"end":{}}],"line":311},"20":{"loc":{"start":{"line":311,"column":8},"end":{"line":311,"column":65}},"type":"binary-expr","locations":[{"start":{"line":311,"column":8},"end":{"line":311,"column":26}},{"start":{"line":311,"column":30},"end":{"line":311,"column":65}}],"line":311},"21":{"loc":{"start":{"line":319,"column":2},"end":{"line":319,"column":44}},"type":"if","locations":[{"start":{"line":319,"column":2},"end":{"line":319,"column":44}},{"start":{},"end":{}}],"line":319},"22":{"loc":{"start":{"line":332,"column":17},"end":{"line":332,"column":60}},"type":"binary-expr","locations":[{"start":{"line":332,"column":17},"end":{"line":332,"column":24}},{"start":{"line":332,"column":28},"end":{"line":332,"column":60}}],"line":332},"23":{"loc":{"start":{"line":333,"column":2},"end":{"line":333,"column":22}},"type":"if","locations":[{"start":{"line":333,"column":2},"end":{"line":333,"column":22}},{"start":{},"end":{}}],"line":333},"24":{"loc":{"start":{"line":337,"column":4},"end":{"line":337,"column":54}},"type":"if","locations":[{"start":{"line":337,"column":4},"end":{"line":337,"column":54}},{"start":{},"end":{}}],"line":337},"25":{"loc":{"start":{"line":350,"column":2},"end":{"line":350,"column":26}},"type":"if","locations":[{"start":{"line":350,"column":2},"end":{"line":350,"column":26}},{"start":{},"end":{}}],"line":350}},"s":{"0":1,"1":1,"2":1,"3":1,"4":1,"5":0,"6":1,"7":12,"8":1,"9":1,"10":1,"11":1,"12":1,"13":0,"14":1,"15":1,"16":15,"17":16,"18":16,"19":16,"20":0,"21":16,"22":20,"23":16,"24":16,"25":1,"26":0,"27":1,"28":1,"29":15,"30":18,"31":15,"32":17,"33":15,"34":1,"35":1,"36":14,"37":14,"38":0,"39":0,"40":14,"41":14,"42":14,"43":14,"44":14,"45":16,"46":1,"47":13,"48":14,"49":1,"50":13,"51":13,"52":14,"53":13,"54":12,"55":12,"56":1,"57":11,"58":11,"59":11,"60":11,"61":11,"62":13,"63":11,"64":11,"65":8,"66":3,"67":1,"68":2,"69":2,"70":2,"71":2,"72":15,"73":14,"74":14,"75":14,"76":14,"77":16,"78":0,"79":0,"80":0,"81":16,"82":16,"83":14,"84":14,"85":14,"86":11,"87":11,"88":0,"89":11,"90":22,"91":22,"92":2,"93":0,"94":0,"95":0,"96":0,"97":0,"98":0,"99":0},"f":{"0":0,"1":1,"2":12,"3":1,"4":1,"5":15,"6":16,"7":20,"8":18,"9":17,"10":16,"11":14,"12":11,"13":13,"14":15,"15":14,"16":11,"17":0},"b":{"0":[0,1],"1":[16],"2":[6,10],"3":[0,0],"4":[1,15],"5":[0,1],"6":[1,14],"7":[15,1],"8":[14,4],"9":[0,14],"10":[14,4,0],"11":[0,1],"12":[1,13],"13":[13,0],"14":[1,11],"15":[8,3],"16":[11,3],"17":[1,2],"18":[2,0],"19":[0,16],"20":[16,2],"21":[14,0],"22":[11,0],"23":[0,11],"24":[2,20],"25":[0,0]},"_coverageSchema":"1a1c01bbd47fc00a2c39e90264f33305004495a9","hash":"5b9a0feacd572516e06f9b22504ba855045f812e"}
,"/home/pandora/Lenterra/lenterra-app/src/data/cache/courses.ts": {"path":"/home/pandora/Lenterra/lenterra-app/src/data/cache/courses.ts","statementMap":{"0":{"start":{"line":23,"column":2},"end":{"line":23,"column":72}},"1":{"start":{"line":28,"column":18},"end":{"line":28,"column":50}},"2":{"start":{"line":29,"column":2},"end":{"line":29,"column":26}},"3":{"start":{"line":29,"column":16},"end":{"line":29,"column":26}},"4":{"start":{"line":30,"column":2},"end":{"line":30,"column":40}},"5":{"start":{"line":37,"column":18},"end":{"line":37,"column":50}},"6":{"start":{"line":38,"column":2},"end":{"line":38,"column":28}},"7":{"start":{"line":38,"column":16},"end":{"line":38,"column":28}},"8":{"start":{"line":39,"column":2},"end":{"line":41,"column":3}},"9":{"start":{"line":40,"column":4},"end":{"line":40,"column":75}},"10":{"start":{"line":40,"column":32},"end":{"line":40,"column":75}},"11":{"start":{"line":42,"column":2},"end":{"line":42,"column":14}},"12":{"start":{"line":47,"column":17},"end":{"line":47,"column":60}},"13":{"start":{"line":48,"column":2},"end":{"line":48,"column":25}},"14":{"start":{"line":48,"column":15},"end":{"line":48,"column":25}},"15":{"start":{"line":49,"column":2},"end":{"line":49,"column":76}},"16":{"start":{"line":64,"column":17},"end":{"line":64,"column":60}},"17":{"start":{"line":65,"column":2},"end":{"line":65,"column":27}},"18":{"start":{"line":65,"column":15},"end":{"line":65,"column":27}},"19":{"start":{"line":67,"column":20},"end":{"line":67,"column":45}},"20":{"start":{"line":68,"column":2},"end":{"line":68,"column":33}},"21":{"start":{"line":68,"column":21},"end":{"line":68,"column":33}},"22":{"start":{"line":69,"column":19},"end":{"line":69,"column":47}},"23":{"start":{"line":71,"column":16},"end":{"line":71,"column":47}},"24":{"start":{"line":72,"column":2},"end":{"line":72,"column":26}},"25":{"start":{"line":72,"column":14},"end":{"line":72,"column":26}},"26":{"start":{"line":74,"column":2},"end":{"line":78,"column":3}},"27":{"start":{"line":75,"column":4},"end":{"line":77,"column":5}},"28":{"start":{"line":76,"column":6},"end":{"line":76,"column":70}},"29":{"start":{"line":79,"column":2},"end":{"line":79,"column":14}},"30":{"start":{"line":90,"column":2},"end":{"line":90,"column":47}},"31":{"start":{"line":90,"column":35},"end":{"line":90,"column":47}},"32":{"start":{"line":91,"column":2},"end":{"line":93,"column":3}},"33":{"start":{"line":92,"column":4},"end":{"line":92,"column":60}},"34":{"start":{"line":92,"column":43},"end":{"line":92,"column":60}},"35":{"start":{"line":94,"column":2},"end":{"line":94,"column":63}},"36":{"start":{"line":99,"column":16},"end":{"line":99,"column":76}},"37":{"start":{"line":99,"column":53},"end":{"line":99,"column":75}},"38":{"start":{"line":100,"column":2},"end":{"line":100,"column":67}},"39":{"start":{"line":100,"column":55},"end":{"line":100,"column":67}},"40":{"start":{"line":101,"column":2},"end":{"line":101,"column":47}},"41":{"start":{"line":105,"column":2},"end":{"line":105,"column":30}},"42":{"start":{"line":116,"column":18},"end":{"line":116,"column":50}},"43":{"start":{"line":117,"column":2},"end":{"line":117,"column":28}},"44":{"start":{"line":117,"column":16},"end":{"line":117,"column":28}},"45":{"start":{"line":119,"column":2},"end":{"line":123,"column":3}},"46":{"start":{"line":120,"column":4},"end":{"line":120,"column":67}},"47":{"start":{"line":120,"column":58},"end":{"line":120,"column":67}},"48":{"start":{"line":121,"column":18},"end":{"line":121,"column":95}},"49":{"start":{"line":122,"column":4},"end":{"line":122,"column":28}},"50":{"start":{"line":122,"column":15},"end":{"line":122,"column":28}},"51":{"start":{"line":124,"column":2},"end":{"line":124,"column":14}}},"fnMap":{"0":{"name":"coursesFor","decl":{"start":{"line":22,"column":16},"end":{"line":22,"column":26}},"loc":{"start":{"line":22,"column":80},"end":{"line":24,"column":1}},"line":22},"1":{"name":"allCourses","decl":{"start":{"line":27,"column":16},"end":{"line":27,"column":26}},"loc":{"start":{"line":27,"column":63},"end":{"line":31,"column":1}},"line":27},"2":{"name":"findCourse","decl":{"start":{"line":33,"column":16},"end":{"line":33,"column":26}},"loc":{"start":{"line":36,"column":60},"end":{"line":43,"column":1}},"line":36},"3":{"name":"lessonsFor","decl":{"start":{"line":46,"column":16},"end":{"line":46,"column":26}},"loc":{"start":{"line":46,"column":92},"end":{"line":50,"column":1}},"line":46},"4":{"name":"findLesson","decl":{"start":{"line":59,"column":16},"end":{"line":59,"column":26}},"loc":{"start":{"line":63,"column":76},"end":{"line":80,"column":1}},"line":63},"5":{"name":"resumeLesson","decl":{"start":{"line":89,"column":16},"end":{"line":89,"column":28}},"loc":{"start":{"line":89,"column":91},"end":{"line":95,"column":1}},"line":89},"6":{"name":"nextLessonId","decl":{"start":{"line":98,"column":16},"end":{"line":98,"column":28}},"loc":{"start":{"line":98,"column":85},"end":{"line":102,"column":1}},"line":98},"7":{"name":"(anonymous_7)","decl":{"start":{"line":99,"column":41},"end":{"line":99,"column":42}},"loc":{"start":{"line":99,"column":53},"end":{"line":99,"column":75}},"line":99},"8":{"name":"checkOf","decl":{"start":{"line":104,"column":16},"end":{"line":104,"column":23}},"loc":{"start":{"line":104,"column":60},"end":{"line":106,"column":1}},"line":104},"9":{"name":"lessonCovering","decl":{"start":{"line":115,"column":16},"end":{"line":115,"column":30}},"loc":{"start":{"line":115,"column":79},"end":{"line":125,"column":1}},"line":115}},"branchMap":{"0":{"loc":{"start":{"line":23,"column":9},"end":{"line":23,"column":71}},"type":"binary-expr","locations":[{"start":{"line":23,"column":9},"end":{"line":23,"column":65}},{"start":{"line":23,"column":69},"end":{"line":23,"column":71}}],"line":23},"1":{"loc":{"start":{"line":29,"column":2},"end":{"line":29,"column":26}},"type":"if","locations":[{"start":{"line":29,"column":2},"end":{"line":29,"column":26}},{"start":{},"end":{}}],"line":29},"2":{"loc":{"start":{"line":38,"column":2},"end":{"line":38,"column":28}},"type":"if","locations":[{"start":{"line":38,"column":2},"end":{"line":38,"column":28}},{"start":{},"end":{}}],"line":38},"3":{"loc":{"start":{"line":40,"column":4},"end":{"line":40,"column":75}},"type":"if","locations":[{"start":{"line":40,"column":4},"end":{"line":40,"column":75}},{"start":{},"end":{}}],"line":40},"4":{"loc":{"start":{"line":47,"column":17},"end":{"line":47,"column":60}},"type":"binary-expr","locations":[{"start":{"line":47,"column":17},"end":{"line":47,"column":24}},{"start":{"line":47,"column":28},"end":{"line":47,"column":60}}],"line":47},"5":{"loc":{"start":{"line":48,"column":2},"end":{"line":48,"column":25}},"type":"if","locations":[{"start":{"line":48,"column":2},"end":{"line":48,"column":25}},{"start":{},"end":{}}],"line":48},"6":{"loc":{"start":{"line":49,"column":9},"end":{"line":49,"column":75}},"type":"binary-expr","locations":[{"start":{"line":49,"column":9},"end":{"line":49,"column":69}},{"start":{"line":49,"column":73},"end":{"line":49,"column":75}}],"line":49},"7":{"loc":{"start":{"line":64,"column":17},"end":{"line":64,"column":60}},"type":"binary-expr","locations":[{"start":{"line":64,"column":17},"end":{"line":64,"column":24}},{"start":{"line":64,"column":28},"end":{"line":64,"column":60}}],"line":64},"8":{"loc":{"start":{"line":65,"column":2},"end":{"line":65,"column":27}},"type":"if","locations":[{"start":{"line":65,"column":2},"end":{"line":65,"column":27}},{"start":{},"end":{}}],"line":65},"9":{"loc":{"start":{"line":68,"column":2},"end":{"line":68,"column":33}},"type":"if","locations":[{"start":{"line":68,"column":2},"end":{"line":68,"column":33}},{"start":{},"end":{}}],"line":68},"10":{"loc":{"start":{"line":72,"column":2},"end":{"line":72,"column":26}},"type":"if","locations":[{"start":{"line":72,"column":2},"end":{"line":72,"column":26}},{"start":{},"end":{}}],"line":72},"11":{"loc":{"start":{"line":75,"column":4},"end":{"line":77,"column":5}},"type":"if","locations":[{"start":{"line":75,"column":4},"end":{"line":77,"column":5}},{"start":{},"end":{}}],"line":75},"12":{"loc":{"start":{"line":90,"column":2},"end":{"line":90,"column":47}},"type":"if","locations":[{"start":{"line":90,"column":2},"end":{"line":90,"column":47}},{"start":{},"end":{}}],"line":90},"13":{"loc":{"start":{"line":92,"column":4},"end":{"line":92,"column":60}},"type":"if","locations":[{"start":{"line":92,"column":4},"end":{"line":92,"column":60}},{"start":{},"end":{}}],"line":92},"14":{"loc":{"start":{"line":94,"column":9},"end":{"line":94,"column":62}},"type":"binary-expr","locations":[{"start":{"line":94,"column":9},"end":{"line":94,"column":54}},{"start":{"line":94,"column":58},"end":{"line":94,"column":62}}],"line":94},"15":{"loc":{"start":{"line":100,"column":2},"end":{"line":100,"column":67}},"type":"if","locations":[{"start":{"line":100,"column":2},"end":{"line":100,"column":67}},{"start":{},"end":{}}],"line":100},"16":{"loc":{"start":{"line":100,"column":6},"end":{"line":100,"column":53}},"type":"binary-expr","locations":[{"start":{"line":100,"column":6},"end":{"line":100,"column":15}},{"start":{"line":100,"column":19},"end":{"line":100,"column":53}}],"line":100},"17":{"loc":{"start":{"line":101,"column":9},"end":{"line":101,"column":46}},"type":"binary-expr","locations":[{"start":{"line":101,"column":9},"end":{"line":101,"column":38}},{"start":{"line":101,"column":42},"end":{"line":101,"column":46}}],"line":101},"18":{"loc":{"start":{"line":105,"column":9},"end":{"line":105,"column":29}},"type":"binary-expr","locations":[{"start":{"line":105,"column":9},"end":{"line":105,"column":21}},{"start":{"line":105,"column":25},"end":{"line":105,"column":29}}],"line":105},"19":{"loc":{"start":{"line":117,"column":2},"end":{"line":117,"column":28}},"type":"if","locations":[{"start":{"line":117,"column":2},"end":{"line":117,"column":28}},{"start":{},"end":{}}],"line":117},"20":{"loc":{"start":{"line":120,"column":4},"end":{"line":120,"column":67}},"type":"if","locations":[{"start":{"line":120,"column":4},"end":{"line":120,"column":67}},{"start":{},"end":{}}],"line":120},"21":{"loc":{"start":{"line":122,"column":4},"end":{"line":122,"column":28}},"type":"if","locations":[{"start":{"line":122,"column":4},"end":{"line":122,"column":28}},{"start":{},"end":{}}],"line":122}},"s":{"0":0,"1":0,"2":0,"3":0,"4":0,"5":0,"6":0,"7":0,"8":0,"9":0,"10":0,"11":0,"12":0,"13":0,"14":0,"15":0,"16":0,"17":0,"18":0,"19":0,"20":0,"21":0,"22":0,"23":0,"24":0,"25":0,"26":0,"27":0,"28":0,"29":0,"30":2,"31":0,"32":2,"33":5,"34":1,"35":1,"36":2,"37":4,"38":2,"39":1,"40":1,"41":0,"42":0,"43":0,"44":0,"45":0,"46":0,"47":0,"48":0,"49":0,"50":0,"51":0},"f":{"0":0,"1":0,"2":0,"3":0,"4":0,"5":2,"6":2,"7":4,"8":0,"9":0},"b":{"0":[0,0],"1":[0,0],"2":[0,0],"3":[0,0],"4":[0,0],"5":[0,0],"6":[0,0],"7":[0,0],"8":[0,0],"9":[0,0],"10":[0,0],"11":[0,0],"12":[0,2],"13":[1,4],"14":[1,0],"15":[1,1],"16":[2,2],"17":[1,0],"18":[0,0],"19":[0,0],"20":[0,0],"21":[0,0]},"_coverageSchema":"1a1c01bbd47fc00a2c39e90264f33305004495a9","hash":"e639be7b5a439a2ee37e89bfe49c759086ed5163"}
,"/home/pandora/Lenterra/lenterra-app/src/data/cache/storage.ts": {"path":"/home/pandora/Lenterra/lenterra-app/src/data/cache/storage.ts","statementMap":{"0":{"start":{"line":17,"column":18},"end":{"line":17,"column":51}},"1":{"start":{"line":19,"column":22},"end":{"line":19,"column":45}},"2":{"start":{"line":21,"column":25},"end":{"line":27,"column":10}},"3":{"start":{"line":29,"column":28},"end":{"line":39,"column":10}},"4":{"start":{"line":42,"column":2},"end":{"line":42,"column":19}},"5":{"start":{"line":53,"column":14},"end":{"line":53,"column":42}},"6":{"start":{"line":54,"column":2},"end":{"line":57,"column":3}},"7":{"start":{"line":55,"column":4},"end":{"line":55,"column":62}},"8":{"start":{"line":56,"column":4},"end":{"line":56,"column":40}},"9":{"start":{"line":58,"column":2},"end":{"line":58,"column":15}},"10":{"start":{"line":62,"column":2},"end":{"line":62,"column":64}},"11":{"start":{"line":66,"column":2},"end":{"line":66,"column":54}},"12":{"start":{"line":68,"column":16},"end":{"line":68,"column":33}},"13":{"start":{"line":69,"column":2},"end":{"line":71,"column":3}},"14":{"start":{"line":70,"column":4},"end":{"line":70,"column":84}},"15":{"start":{"line":75,"column":14},"end":{"line":75,"column":60}},"16":{"start":{"line":76,"column":2},"end":{"line":76,"column":22}},"17":{"start":{"line":76,"column":12},"end":{"line":76,"column":22}},"18":{"start":{"line":77,"column":2},"end":{"line":82,"column":3}},"19":{"start":{"line":78,"column":19},"end":{"line":78,"column":34}},"20":{"start":{"line":79,"column":4},"end":{"line":79,"column":61}},"21":{"start":{"line":81,"column":4},"end":{"line":81,"column":14}},"22":{"start":{"line":93,"column":2},"end":{"line":93,"column":57}},"23":{"start":{"line":94,"column":2},"end":{"line":94,"column":46}},"24":{"start":{"line":99,"column":2},"end":{"line":99,"column":39}},"25":{"start":{"line":100,"column":2},"end":{"line":100,"column":34}},"26":{"start":{"line":101,"column":2},"end":{"line":104,"column":4}},"27":{"start":{"line":103,"column":52},"end":{"line":103,"column":68}},"28":{"start":{"line":105,"column":2},"end":{"line":105,"column":83}},"29":{"start":{"line":105,"column":39},"end":{"line":105,"column":83}},"30":{"start":{"line":113,"column":14},"end":{"line":113,"column":34}},"31":{"start":{"line":114,"column":2},"end":{"line":114,"column":24}},"32":{"start":{"line":114,"column":12},"end":{"line":114,"column":24}},"33":{"start":{"line":115,"column":2},"end":{"line":122,"column":3}},"34":{"start":{"line":116,"column":4},"end":{"line":116,"column":32}},"35":{"start":{"line":120,"column":4},"end":{"line":120,"column":22}},"36":{"start":{"line":121,"column":4},"end":{"line":121,"column":16}},"37":{"start":{"line":126,"column":2},"end":{"line":126,"column":40}},"38":{"start":{"line":137,"column":11},"end":{"line":137,"column":50}},"39":{"start":{"line":138,"column":2},"end":{"line":141,"column":3}},"40":{"start":{"line":139,"column":4},"end":{"line":139,"column":81}},"41":{"start":{"line":140,"column":4},"end":{"line":140,"column":42}},"42":{"start":{"line":142,"column":2},"end":{"line":142,"column":12}},"43":{"start":{"line":153,"column":16},"end":{"line":153,"column":41}},"44":{"start":{"line":154,"column":15},"end":{"line":154,"column":65}},"45":{"start":{"line":155,"column":2},"end":{"line":155,"column":42}},"46":{"start":{"line":156,"column":2},"end":{"line":156,"column":14}}},"fnMap":{"0":{"name":"rootStorage","decl":{"start":{"line":41,"column":16},"end":{"line":41,"column":27}},"loc":{"start":{"line":41,"column":36},"end":{"line":43,"column":1}},"line":41},"1":{"name":"accountStorage","decl":{"start":{"line":52,"column":16},"end":{"line":52,"column":30}},"loc":{"start":{"line":52,"column":56},"end":{"line":59,"column":1}},"line":52},"2":{"name":"activeAccountId","decl":{"start":{"line":61,"column":16},"end":{"line":61,"column":31}},"loc":{"start":{"line":61,"column":49},"end":{"line":63,"column":1}},"line":61},"3":{"name":"setActiveAccount","decl":{"start":{"line":65,"column":16},"end":{"line":65,"column":32}},"loc":{"start":{"line":65,"column":58},"end":{"line":72,"column":1}},"line":65},"4":{"name":"knownAccountIds","decl":{"start":{"line":74,"column":16},"end":{"line":74,"column":31}},"loc":{"start":{"line":74,"column":44},"end":{"line":83,"column":1}},"line":74},"5":{"name":"signOut","decl":{"start":{"line":92,"column":16},"end":{"line":92,"column":23}},"loc":{"start":{"line":92,"column":49},"end":{"line":95,"column":1}},"line":92},"6":{"name":"forgetAccount","decl":{"start":{"line":98,"column":16},"end":{"line":98,"column":29}},"loc":{"start":{"line":98,"column":55},"end":{"line":106,"column":1}},"line":98},"7":{"name":"(anonymous_7)","decl":{"start":{"line":103,"column":44},"end":{"line":103,"column":45}},"loc":{"start":{"line":103,"column":52},"end":{"line":103,"column":68}},"line":103},"8":{"name":"readJson","decl":{"start":{"line":112,"column":16},"end":{"line":112,"column":24}},"loc":{"start":{"line":112,"column":64},"end":{"line":123,"column":1}},"line":112},"9":{"name":"writeJson","decl":{"start":{"line":125,"column":16},"end":{"line":125,"column":25}},"loc":{"start":{"line":125,"column":74},"end":{"line":127,"column":1}},"line":125},"10":{"name":"deviceId","decl":{"start":{"line":136,"column":16},"end":{"line":136,"column":24}},"loc":{"start":{"line":136,"column":35},"end":{"line":143,"column":1}},"line":136},"11":{"name":"nextDeviceSeq","decl":{"start":{"line":152,"column":16},"end":{"line":152,"column":29}},"loc":{"start":{"line":152,"column":57},"end":{"line":157,"column":1}},"line":152}},"branchMap":{"0":{"loc":{"start":{"line":54,"column":2},"end":{"line":57,"column":3}},"type":"if","locations":[{"start":{"line":54,"column":2},"end":{"line":57,"column":3}},{"start":{},"end":{}}],"line":54},"1":{"loc":{"start":{"line":62,"column":9},"end":{"line":62,"column":63}},"type":"binary-expr","locations":[{"start":{"line":62,"column":9},"end":{"line":62,"column":55}},{"start":{"line":62,"column":59},"end":{"line":62,"column":63}}],"line":62},"2":{"loc":{"start":{"line":69,"column":2},"end":{"line":71,"column":3}},"type":"if","locations":[{"start":{"line":69,"column":2},"end":{"line":71,"column":3}},{"start":{},"end":{}}],"line":69},"3":{"loc":{"start":{"line":76,"column":2},"end":{"line":76,"column":22}},"type":"if","locations":[{"start":{"line":76,"column":2},"end":{"line":76,"column":22}},{"start":{},"end":{}}],"line":76},"4":{"loc":{"start":{"line":79,"column":11},"end":{"line":79,"column":60}},"type":"cond-expr","locations":[{"start":{"line":79,"column":36},"end":{"line":79,"column":54}},{"start":{"line":79,"column":58},"end":{"line":79,"column":60}}],"line":79},"5":{"loc":{"start":{"line":105,"column":2},"end":{"line":105,"column":83}},"type":"if","locations":[{"start":{"line":105,"column":2},"end":{"line":105,"column":83}},{"start":{},"end":{}}],"line":105},"6":{"loc":{"start":{"line":114,"column":2},"end":{"line":114,"column":24}},"type":"if","locations":[{"start":{"line":114,"column":2},"end":{"line":114,"column":24}},{"start":{},"end":{}}],"line":114},"7":{"loc":{"start":{"line":138,"column":2},"end":{"line":141,"column":3}},"type":"if","locations":[{"start":{"line":138,"column":2},"end":{"line":141,"column":3}},{"start":{},"end":{}}],"line":138},"8":{"loc":{"start":{"line":154,"column":16},"end":{"line":154,"column":60}},"type":"binary-expr","locations":[{"start":{"line":154,"column":16},"end":{"line":154,"column":55}},{"start":{"line":154,"column":59},"end":{"line":154,"column":60}}],"line":154}},"s":{"0":3,"1":3,"2":3,"3":3,"4":0,"5":661,"6":661,"7":5,"8":5,"9":661,"10":0,"11":0,"12":0,"13":0,"14":0,"15":0,"16":0,"17":0,"18":0,"19":0,"20":0,"21":0,"22":0,"23":0,"24":0,"25":0,"26":0,"27":0,"28":0,"29":0,"30":298,"31":298,"32":69,"33":229,"34":229,"35":0,"36":0,"37":227,"38":0,"39":0,"40":0,"41":0,"42":0,"43":87,"44":87,"45":87,"46":87},"f":{"0":0,"1":661,"2":0,"3":0,"4":0,"5":0,"6":0,"7":0,"8":298,"9":227,"10":0,"11":87},"b":{"0":[5,656],"1":[0,0],"2":[0,0],"3":[0,0],"4":[0,0],"5":[0,0],"6":[69,229],"7":[0,0],"8":[87,20]},"_coverageSchema":"1a1c01bbd47fc00a2c39e90264f33305004495a9","hash":"bb698dc290f5dd2dcd91357602cafe3431d54fae"}
,"/home/pandora/Lenterra/lenterra-app/src/data/nakama/client.ts": {"path":"/home/pandora/Lenterra/lenterra-app/src/data/nakama/client.ts","statementMap":{"0":{"start":{"line":17,"column":22},"end":{"line":23,"column":1}},"1":{"start":{"line":42,"column":31},"end":{"line":42,"column":42}},"2":{"start":{"line":44,"column":62},"end":{"line":44,"column":66}},"3":{"start":{"line":45,"column":54},"end":{"line":45,"column":58}},"4":{"start":{"line":48,"column":2},"end":{"line":48,"column":39}},"5":{"start":{"line":52,"column":2},"end":{"line":59,"column":4}},"6":{"start":{"line":63,"column":2},"end":{"line":63,"column":60}},"7":{"start":{"line":67,"column":2},"end":{"line":67,"column":80}},"8":{"start":{"line":68,"column":2},"end":{"line":68,"column":35}},"9":{"start":{"line":72,"column":2},"end":{"line":72,"column":73}},"10":{"start":{"line":72,"column":50},"end":{"line":72,"column":73}},"11":{"start":{"line":74,"column":17},"end":{"line":74,"column":89}},"12":{"start":{"line":75,"column":2},"end":{"line":75,"column":27}},"13":{"start":{"line":75,"column":15},"end":{"line":75,"column":27}},"14":{"start":{"line":77,"column":18},"end":{"line":77,"column":36}},"15":{"start":{"line":78,"column":2},"end":{"line":78,"column":35}},"16":{"start":{"line":79,"column":2},"end":{"line":79,"column":17}},"17":{"start":{"line":83,"column":2},"end":{"line":83,"column":57}},"18":{"start":{"line":84,"column":2},"end":{"line":84,"column":65}},"19":{"start":{"line":84,"column":50},"end":{"line":84,"column":65}},"20":{"start":{"line":88,"column":17},"end":{"line":88,"column":89}},"21":{"start":{"line":89,"column":2},"end":{"line":89,"column":32}},"22":{"start":{"line":100,"column":18},"end":{"line":100,"column":40}},"23":{"start":{"line":101,"column":2},"end":{"line":101,"column":28}},"24":{"start":{"line":101,"column":16},"end":{"line":101,"column":28}},"25":{"start":{"line":103,"column":20},"end":{"line":103,"column":43}},"26":{"start":{"line":104,"column":2},"end":{"line":104,"column":72}},"27":{"start":{"line":104,"column":57},"end":{"line":104,"column":72}},"28":{"start":{"line":106,"column":27},"end":{"line":106,"column":58}},"29":{"start":{"line":107,"column":2},"end":{"line":112,"column":3}},"30":{"start":{"line":110,"column":4},"end":{"line":110,"column":28}},"31":{"start":{"line":111,"column":4},"end":{"line":111,"column":16}},"32":{"start":{"line":116,"column":2},"end":{"line":131,"column":3}},"33":{"start":{"line":117,"column":4},"end":{"line":130,"column":9}},"34":{"start":{"line":120,"column":8},"end":{"line":120,"column":45}},"35":{"start":{"line":121,"column":8},"end":{"line":121,"column":25}},"36":{"start":{"line":126,"column":8},"end":{"line":126,"column":23}},"37":{"start":{"line":129,"column":8},"end":{"line":129,"column":31}},"38":{"start":{"line":133,"column":2},"end":{"line":133,"column":25}},"39":{"start":{"line":137,"column":17},"end":{"line":137,"column":89}},"40":{"start":{"line":138,"column":2},"end":{"line":138,"column":27}},"41":{"start":{"line":138,"column":15},"end":{"line":138,"column":27}},"42":{"start":{"line":139,"column":2},"end":{"line":139,"column":82}}},"fnMap":{"0":{"name":"nowSeconds","decl":{"start":{"line":47,"column":9},"end":{"line":47,"column":19}},"loc":{"start":{"line":47,"column":30},"end":{"line":49,"column":1}},"line":47},"1":{"name":"toStored","decl":{"start":{"line":51,"column":9},"end":{"line":51,"column":17}},"loc":{"start":{"line":51,"column":51},"end":{"line":60,"column":1}},"line":51},"2":{"name":"fromStored","decl":{"start":{"line":62,"column":9},"end":{"line":62,"column":19}},"loc":{"start":{"line":62,"column":52},"end":{"line":64,"column":1}},"line":62},"3":{"name":"persistSession","decl":{"start":{"line":66,"column":16},"end":{"line":66,"column":30}},"loc":{"start":{"line":66,"column":74},"end":{"line":69,"column":1}},"line":66},"4":{"name":"loadSession","decl":{"start":{"line":71,"column":16},"end":{"line":71,"column":27}},"loc":{"start":{"line":71,"column":63},"end":{"line":80,"column":1}},"line":71},"5":{"name":"clearSession","decl":{"start":{"line":82,"column":16},"end":{"line":82,"column":28}},"loc":{"start":{"line":82,"column":54},"end":{"line":85,"column":1}},"line":82},"6":{"name":"sessionUserId","decl":{"start":{"line":87,"column":16},"end":{"line":87,"column":29}},"loc":{"start":{"line":87,"column":64},"end":{"line":90,"column":1}},"line":87},"7":{"name":"ensureSession","decl":{"start":{"line":99,"column":22},"end":{"line":99,"column":35}},"loc":{"start":{"line":99,"column":80},"end":{"line":134,"column":1}},"line":99},"8":{"name":"(anonymous_8)","decl":{"start":{"line":119,"column":12},"end":{"line":119,"column":13}},"loc":{"start":{"line":119,"column":27},"end":{"line":122,"column":7}},"line":119},"9":{"name":"(anonymous_9)","decl":{"start":{"line":123,"column":13},"end":{"line":123,"column":14}},"loc":{"start":{"line":123,"column":19},"end":{"line":127,"column":7}},"line":123},"10":{"name":"(anonymous_10)","decl":{"start":{"line":128,"column":15},"end":{"line":128,"column":16}},"loc":{"start":{"line":128,"column":21},"end":{"line":130,"column":7}},"line":128},"11":{"name":"isSessionExpired","decl":{"start":{"line":136,"column":16},"end":{"line":136,"column":32}},"loc":{"start":{"line":136,"column":61},"end":{"line":140,"column":1}},"line":136}},"branchMap":{"0":{"loc":{"start":{"line":54,"column":18},"end":{"line":54,"column":45}},"type":"binary-expr","locations":[{"start":{"line":54,"column":18},"end":{"line":54,"column":39}},{"start":{"line":54,"column":43},"end":{"line":54,"column":45}}],"line":54},"1":{"loc":{"start":{"line":55,"column":12},"end":{"line":55,"column":33}},"type":"binary-expr","locations":[{"start":{"line":55,"column":12},"end":{"line":55,"column":27}},{"start":{"line":55,"column":31},"end":{"line":55,"column":33}}],"line":55},"2":{"loc":{"start":{"line":56,"column":14},"end":{"line":56,"column":36}},"type":"binary-expr","locations":[{"start":{"line":56,"column":14},"end":{"line":56,"column":30}},{"start":{"line":56,"column":34},"end":{"line":56,"column":36}}],"line":56},"3":{"loc":{"start":{"line":57,"column":15},"end":{"line":57,"column":38}},"type":"binary-expr","locations":[{"start":{"line":57,"column":15},"end":{"line":57,"column":33}},{"start":{"line":57,"column":37},"end":{"line":57,"column":38}}],"line":57},"4":{"loc":{"start":{"line":58,"column":22},"end":{"line":58,"column":53}},"type":"binary-expr","locations":[{"start":{"line":58,"column":22},"end":{"line":58,"column":48}},{"start":{"line":58,"column":52},"end":{"line":58,"column":53}}],"line":58},"5":{"loc":{"start":{"line":72,"column":2},"end":{"line":72,"column":73}},"type":"if","locations":[{"start":{"line":72,"column":2},"end":{"line":72,"column":73}},{"start":{},"end":{}}],"line":72},"6":{"loc":{"start":{"line":72,"column":6},"end":{"line":72,"column":48}},"type":"binary-expr","locations":[{"start":{"line":72,"column":6},"end":{"line":72,"column":13}},{"start":{"line":72,"column":17},"end":{"line":72,"column":48}}],"line":72},"7":{"loc":{"start":{"line":75,"column":2},"end":{"line":75,"column":27}},"type":"if","locations":[{"start":{"line":75,"column":2},"end":{"line":75,"column":27}},{"start":{},"end":{}}],"line":75},"8":{"loc":{"start":{"line":84,"column":2},"end":{"line":84,"column":65}},"type":"if","locations":[{"start":{"line":84,"column":2},"end":{"line":84,"column":65}},{"start":{},"end":{}}],"line":84},"9":{"loc":{"start":{"line":84,"column":6},"end":{"line":84,"column":48}},"type":"binary-expr","locations":[{"start":{"line":84,"column":6},"end":{"line":84,"column":13}},{"start":{"line":84,"column":17},"end":{"line":84,"column":48}}],"line":84},"10":{"loc":{"start":{"line":89,"column":9},"end":{"line":89,"column":31}},"type":"binary-expr","locations":[{"start":{"line":89,"column":9},"end":{"line":89,"column":23}},{"start":{"line":89,"column":27},"end":{"line":89,"column":31}}],"line":89},"11":{"loc":{"start":{"line":101,"column":2},"end":{"line":101,"column":28}},"type":"if","locations":[{"start":{"line":101,"column":2},"end":{"line":101,"column":28}},{"start":{},"end":{}}],"line":101},"12":{"loc":{"start":{"line":103,"column":20},"end":{"line":103,"column":43}},"type":"binary-expr","locations":[{"start":{"line":103,"column":20},"end":{"line":103,"column":38}},{"start":{"line":103,"column":42},"end":{"line":103,"column":43}}],"line":103},"13":{"loc":{"start":{"line":104,"column":2},"end":{"line":104,"column":72}},"type":"if","locations":[{"start":{"line":104,"column":2},"end":{"line":104,"column":72}},{"start":{},"end":{}}],"line":104},"14":{"loc":{"start":{"line":106,"column":27},"end":{"line":106,"column":58}},"type":"binary-expr","locations":[{"start":{"line":106,"column":27},"end":{"line":106,"column":53}},{"start":{"line":106,"column":57},"end":{"line":106,"column":58}}],"line":106},"15":{"loc":{"start":{"line":107,"column":2},"end":{"line":112,"column":3}},"type":"if","locations":[{"start":{"line":107,"column":2},"end":{"line":112,"column":3}},{"start":{},"end":{}}],"line":107},"16":{"loc":{"start":{"line":107,"column":6},"end":{"line":107,"column":64}},"type":"binary-expr","locations":[{"start":{"line":107,"column":6},"end":{"line":107,"column":28}},{"start":{"line":107,"column":32},"end":{"line":107,"column":64}}],"line":107},"17":{"loc":{"start":{"line":116,"column":2},"end":{"line":131,"column":3}},"type":"if","locations":[{"start":{"line":116,"column":2},"end":{"line":131,"column":3}},{"start":{},"end":{}}],"line":116},"18":{"loc":{"start":{"line":138,"column":2},"end":{"line":138,"column":27}},"type":"if","locations":[{"start":{"line":138,"column":2},"end":{"line":138,"column":27}},{"start":{},"end":{}}],"line":138},"19":{"loc":{"start":{"line":139,"column":9},"end":{"line":139,"column":81}},"type":"binary-expr","locations":[{"start":{"line":139,"column":9},"end":{"line":139,"column":38}},{"start":{"line":139,"column":42},"end":{"line":139,"column":81}}],"line":139}},"s":{"0":0,"1":0,"2":0,"3":0,"4":0,"5":0,"6":0,"7":0,"8":0,"9":0,"10":0,"11":0,"12":0,"13":0,"14":0,"15":0,"16":0,"17":0,"18":0,"19":0,"20":0,"21":0,"22":0,"23":0,"24":0,"25":0,"26":0,"27":0,"28":0,"29":0,"30":0,"31":0,"32":0,"33":0,"34":0,"35":0,"36":0,"37":0,"38":0,"39":0,"40":0,"41":0,"42":0},"f":{"0":0,"1":0,"2":0,"3":0,"4":0,"5":0,"6":0,"7":0,"8":0,"9":0,"10":0,"11":0},"b":{"0":[0,0],"1":[0,0],"2":[0,0],"3":[0,0],"4":[0,0],"5":[0,0],"6":[0,0],"7":[0,0],"8":[0,0],"9":[0,0],"10":[0,0],"11":[0,0],"12":[0,0],"13":[0,0],"14":[0,0],"15":[0,0],"16":[0,0],"17":[0,0],"18":[0,0],"19":[0,0]}}
,"/home/pandora/Lenterra/lenterra-app/src/data/nakama/friends.ts": {"path":"/home/pandora/Lenterra/lenterra-app/src/data/nakama/friends.ts","statementMap":{"0":{"start":{"line":24,"column":28},"end":{"line":31,"column":10}},"1":{"start":{"line":48,"column":27},"end":{"line":48,"column":83}},"2":{"start":{"line":51,"column":18},"end":{"line":51,"column":48}},"3":{"start":{"line":52,"column":2},"end":{"line":52,"column":75}},"4":{"start":{"line":52,"column":16},"end":{"line":52,"column":75}},"5":{"start":{"line":55,"column":2},"end":{"line":59,"column":3}},"6":{"start":{"line":56,"column":4},"end":{"line":56,"column":74}},"7":{"start":{"line":58,"column":4},"end":{"line":58,"column":64}},"8":{"start":{"line":61,"column":27},"end":{"line":61,"column":83}},"9":{"start":{"line":63,"column":2},"end":{"line":90,"column":3}},"10":{"start":{"line":64,"column":27},"end":{"line":71,"column":5}},"11":{"start":{"line":72,"column":4},"end":{"line":72,"column":33}},"12":{"start":{"line":72,"column":24},"end":{"line":72,"column":33}},"13":{"start":{"line":74,"column":4},"end":{"line":89,"column":5}},"14":{"start":{"line":76,"column":8},"end":{"line":76,"column":33}},"15":{"start":{"line":77,"column":8},"end":{"line":77,"column":14}},"16":{"start":{"line":79,"column":8},"end":{"line":79,"column":34}},"17":{"start":{"line":80,"column":8},"end":{"line":80,"column":14}},"18":{"start":{"line":82,"column":8},"end":{"line":82,"column":34}},"19":{"start":{"line":83,"column":8},"end":{"line":83,"column":14}},"20":{"start":{"line":85,"column":8},"end":{"line":85,"column":33}},"21":{"start":{"line":86,"column":8},"end":{"line":86,"column":14}},"22":{"start":{"line":88,"column":8},"end":{"line":88,"column":14}},"23":{"start":{"line":92,"column":2},"end":{"line":92,"column":13}},"24":{"start":{"line":96,"column":2},"end":{"line":96,"column":15}},"25":{"start":{"line":111,"column":16},"end":{"line":115,"column":3}},"26":{"start":{"line":116,"column":2},"end":{"line":116,"column":23}},"27":{"start":{"line":121,"column":18},"end":{"line":121,"column":48}},"28":{"start":{"line":122,"column":2},"end":{"line":122,"column":75}},"29":{"start":{"line":122,"column":16},"end":{"line":122,"column":75}},"30":{"start":{"line":123,"column":2},"end":{"line":123,"column":49}},"31":{"start":{"line":128,"column":18},"end":{"line":128,"column":48}},"32":{"start":{"line":129,"column":2},"end":{"line":129,"column":75}},"33":{"start":{"line":129,"column":16},"end":{"line":129,"column":75}},"34":{"start":{"line":130,"column":2},"end":{"line":130,"column":52}},"35":{"start":{"line":141,"column":18},"end":{"line":141,"column":48}},"36":{"start":{"line":142,"column":2},"end":{"line":142,"column":75}},"37":{"start":{"line":142,"column":16},"end":{"line":142,"column":75}},"38":{"start":{"line":143,"column":2},"end":{"line":143,"column":51}},"39":{"start":{"line":161,"column":2},"end":{"line":165,"column":5}}},"fnMap":{"0":{"name":"listFriends","decl":{"start":{"line":50,"column":22},"end":{"line":50,"column":33}},"loc":{"start":{"line":50,"column":75},"end":{"line":93,"column":1}},"line":50},"1":{"name":"emptyFriendLists","decl":{"start":{"line":95,"column":16},"end":{"line":95,"column":32}},"loc":{"start":{"line":95,"column":48},"end":{"line":97,"column":1}},"line":95},"2":{"name":"findByCode","decl":{"start":{"line":107,"column":22},"end":{"line":107,"column":32}},"loc":{"start":{"line":110,"column":59},"end":{"line":117,"column":1}},"line":110},"3":{"name":"addFriend","decl":{"start":{"line":120,"column":22},"end":{"line":120,"column":31}},"loc":{"start":{"line":120,"column":82},"end":{"line":124,"column":1}},"line":120},"4":{"name":"removeFriend","decl":{"start":{"line":127,"column":22},"end":{"line":127,"column":34}},"loc":{"start":{"line":127,"column":85},"end":{"line":131,"column":1}},"line":127},"5":{"name":"blockUser","decl":{"start":{"line":140,"column":22},"end":{"line":140,"column":31}},"loc":{"start":{"line":140,"column":82},"end":{"line":144,"column":1}},"line":140},"6":{"name":"reportUser","decl":{"start":{"line":155,"column":22},"end":{"line":155,"column":32}},"loc":{"start":{"line":160,"column":17},"end":{"line":166,"column":1}},"line":160}},"branchMap":{"0":{"loc":{"start":{"line":52,"column":2},"end":{"line":52,"column":75}},"type":"if","locations":[{"start":{"line":52,"column":2},"end":{"line":52,"column":75}},{"start":{},"end":{}}],"line":52},"1":{"loc":{"start":{"line":63,"column":22},"end":{"line":63,"column":42}},"type":"binary-expr","locations":[{"start":{"line":63,"column":22},"end":{"line":63,"column":36}},{"start":{"line":63,"column":40},"end":{"line":63,"column":42}}],"line":63},"2":{"loc":{"start":{"line":65,"column":14},"end":{"line":65,"column":34}},"type":"binary-expr","locations":[{"start":{"line":65,"column":14},"end":{"line":65,"column":28}},{"start":{"line":65,"column":32},"end":{"line":65,"column":34}}],"line":65},"3":{"loc":{"start":{"line":68,"column":19},"end":{"line":68,"column":73}},"type":"binary-expr","locations":[{"start":{"line":68,"column":19},"end":{"line":68,"column":43}},{"start":{"line":68,"column":47},"end":{"line":68,"column":67}},{"start":{"line":68,"column":71},"end":{"line":68,"column":73}}],"line":68},"4":{"loc":{"start":{"line":69,"column":13},"end":{"line":69,"column":47}},"type":"binary-expr","locations":[{"start":{"line":69,"column":13},"end":{"line":69,"column":24}},{"start":{"line":69,"column":28},"end":{"line":69,"column":47}}],"line":69},"5":{"loc":{"start":{"line":72,"column":4},"end":{"line":72,"column":33}},"type":"if","locations":[{"start":{"line":72,"column":4},"end":{"line":72,"column":33}},{"start":{},"end":{}}],"line":72},"6":{"loc":{"start":{"line":74,"column":4},"end":{"line":89,"column":5}},"type":"switch","locations":[{"start":{"line":75,"column":6},"end":{"line":77,"column":14}},{"start":{"line":78,"column":6},"end":{"line":80,"column":14}},{"start":{"line":81,"column":6},"end":{"line":83,"column":14}},{"start":{"line":84,"column":6},"end":{"line":86,"column":14}},{"start":{"line":87,"column":6},"end":{"line":88,"column":14}}],"line":74},"7":{"loc":{"start":{"line":116,"column":9},"end":{"line":116,"column":22}},"type":"binary-expr","locations":[{"start":{"line":116,"column":9},"end":{"line":116,"column":14}},{"start":{"line":116,"column":18},"end":{"line":116,"column":22}}],"line":116},"8":{"loc":{"start":{"line":122,"column":2},"end":{"line":122,"column":75}},"type":"if","locations":[{"start":{"line":122,"column":2},"end":{"line":122,"column":75}},{"start":{},"end":{}}],"line":122},"9":{"loc":{"start":{"line":129,"column":2},"end":{"line":129,"column":75}},"type":"if","locations":[{"start":{"line":129,"column":2},"end":{"line":129,"column":75}},{"start":{},"end":{}}],"line":129},"10":{"loc":{"start":{"line":142,"column":2},"end":{"line":142,"column":75}},"type":"if","locations":[{"start":{"line":142,"column":2},"end":{"line":142,"column":75}},{"start":{},"end":{}}],"line":142}},"s":{"0":0,"1":0,"2":0,"3":0,"4":0,"5":0,"6":0,"7":0,"8":0,"9":0,"10":0,"11":0,"12":0,"13":0,"14":0,"15":0,"16":0,"17":0,"18":0,"19":0,"20":0,"21":0,"22":0,"23":0,"24":0,"25":0,"26":0,"27":0,"28":0,"29":0,"30":0,"31":0,"32":0,"33":0,"34":0,"35":0,"36":0,"37":0,"38":0,"39":0},"f":{"0":0,"1":0,"2":0,"3":0,"4":0,"5":0,"6":0},"b":{"0":[0,0],"1":[0,0],"2":[0,0],"3":[0,0,0],"4":[0,0],"5":[0,0],"6":[0,0,0,0,0],"7":[0,0],"8":[0,0],"9":[0,0],"10":[0,0]}}
,"/home/pandora/Lenterra/lenterra-app/src/data/nakama/rpc.ts": {"path":"/home/pandora/Lenterra/lenterra-app/src/data/nakama/rpc.ts","statementMap":{"0":{"start":{"line":43,"column":4},"end":{"line":43,"column":19}},"1":{"start":{"line":44,"column":4},"end":{"line":44,"column":27}},"2":{"start":{"line":45,"column":4},"end":{"line":45,"column":21}},"3":{"start":{"line":46,"column":4},"end":{"line":46,"column":27}},"4":{"start":{"line":57,"column":4},"end":{"line":57,"column":98}},"5":{"start":{"line":61,"column":18},"end":{"line":61,"column":48}},"6":{"start":{"line":62,"column":4},"end":{"line":62,"column":49}},"7":{"start":{"line":66,"column":17},"end":{"line":76,"column":2}},"8":{"start":{"line":78,"column":33},"end":{"line":88,"column":1}},"9":{"start":{"line":91,"column":2},"end":{"line":91,"column":90}},"10":{"start":{"line":113,"column":18},"end":{"line":113,"column":78}},"11":{"start":{"line":115,"column":2},"end":{"line":117,"column":3}},"12":{"start":{"line":116,"column":4},"end":{"line":116,"column":63}},"13":{"start":{"line":120,"column":2},"end":{"line":133,"column":3}},"14":{"start":{"line":123,"column":21},"end":{"line":123,"column":75}},"15":{"start":{"line":124,"column":4},"end":{"line":124,"column":101}},"16":{"start":{"line":128,"column":19},"end":{"line":128,"column":55}},"17":{"start":{"line":129,"column":4},"end":{"line":131,"column":5}},"18":{"start":{"line":130,"column":6},"end":{"line":130,"column":64}},"19":{"start":{"line":132,"column":4},"end":{"line":132,"column":64}},"20":{"start":{"line":136,"column":2},"end":{"line":140,"column":3}},"21":{"start":{"line":137,"column":4},"end":{"line":137,"column":47}},"22":{"start":{"line":139,"column":4},"end":{"line":139,"column":80}},"23":{"start":{"line":142,"column":2},"end":{"line":144,"column":3}},"24":{"start":{"line":143,"column":4},"end":{"line":143,"column":100}},"25":{"start":{"line":146,"column":2},"end":{"line":146,"column":50}},"26":{"start":{"line":146,"column":24},"end":{"line":146,"column":50}},"27":{"start":{"line":148,"column":17},"end":{"line":148,"column":56}},"28":{"start":{"line":149,"column":2},"end":{"line":156,"column":3}},"29":{"start":{"line":153,"column":4},"end":{"line":155,"column":7}},"30":{"start":{"line":157,"column":2},"end":{"line":157,"column":21}},"31":{"start":{"line":162,"column":2},"end":{"line":162,"column":41}},"32":{"start":{"line":165,"column":30},"end":{"line":165,"column":50}}},"fnMap":{"0":{"name":"(anonymous_0)","decl":{"start":{"line":42,"column":2},"end":{"line":42,"column":3}},"loc":{"start":{"line":42,"column":83},"end":{"line":47,"column":3}},"line":42},"1":{"name":"(anonymous_1)","decl":{"start":{"line":56,"column":2},"end":{"line":56,"column":3}},"loc":{"start":{"line":56,"column":27},"end":{"line":58,"column":3}},"line":56},"2":{"name":"(anonymous_2)","decl":{"start":{"line":60,"column":2},"end":{"line":60,"column":3}},"loc":{"start":{"line":60,"column":29},"end":{"line":63,"column":3}},"line":60},"3":{"name":"toCode","decl":{"start":{"line":90,"column":9},"end":{"line":90,"column":15}},"loc":{"start":{"line":90,"column":42},"end":{"line":92,"column":1}},"line":90},"4":{"name":"rpc","decl":{"start":{"line":107,"column":22},"end":{"line":107,"column":25}},"loc":{"start":{"line":112,"column":14},"end":{"line":158,"column":1}},"line":112},"5":{"name":"withIdempotency","decl":{"start":{"line":161,"column":16},"end":{"line":161,"column":31}},"loc":{"start":{"line":161,"column":103},"end":{"line":163,"column":1}},"line":161}},"branchMap":{"0":{"loc":{"start":{"line":57,"column":11},"end":{"line":57,"column":97}},"type":"binary-expr","locations":[{"start":{"line":57,"column":11},"end":{"line":57,"column":38}},{"start":{"line":57,"column":42},"end":{"line":57,"column":65}},{"start":{"line":57,"column":69},"end":{"line":57,"column":97}}],"line":57},"1":{"loc":{"start":{"line":62,"column":11},"end":{"line":62,"column":48}},"type":"cond-expr","locations":[{"start":{"line":62,"column":39},"end":{"line":62,"column":44}},{"start":{"line":62,"column":47},"end":{"line":62,"column":48}}],"line":62},"2":{"loc":{"start":{"line":91,"column":9},"end":{"line":91,"column":89}},"type":"cond-expr","locations":[{"start":{"line":91,"column":54},"end":{"line":91,"column":72}},{"start":{"line":91,"column":76},"end":{"line":91,"column":89}}],"line":91},"3":{"loc":{"start":{"line":113,"column":18},"end":{"line":113,"column":78}},"type":"cond-expr","locations":[{"start":{"line":113,"column":41},"end":{"line":113,"column":45}},{"start":{"line":113,"column":48},"end":{"line":113,"column":78}}],"line":113},"4":{"loc":{"start":{"line":115,"column":2},"end":{"line":117,"column":3}},"type":"if","locations":[{"start":{"line":115,"column":2},"end":{"line":117,"column":3}},{"start":{},"end":{}}],"line":115},"5":{"loc":{"start":{"line":123,"column":54},"end":{"line":123,"column":63}},"type":"binary-expr","locations":[{"start":{"line":123,"column":54},"end":{"line":123,"column":57}},{"start":{"line":123,"column":61},"end":{"line":123,"column":63}}],"line":123},"6":{"loc":{"start":{"line":124,"column":10},"end":{"line":124,"column":100}},"type":"cond-expr","locations":[{"start":{"line":124,"column":49},"end":{"line":124,"column":65}},{"start":{"line":124,"column":68},"end":{"line":124,"column":100}}],"line":124},"7":{"loc":{"start":{"line":129,"column":4},"end":{"line":131,"column":5}},"type":"if","locations":[{"start":{"line":129,"column":4},"end":{"line":131,"column":5}},{"start":{},"end":{}}],"line":129},"8":{"loc":{"start":{"line":129,"column":8},"end":{"line":129,"column":40}},"type":"binary-expr","locations":[{"start":{"line":129,"column":8},"end":{"line":129,"column":22}},{"start":{"line":129,"column":26},"end":{"line":129,"column":40}}],"line":129},"9":{"loc":{"start":{"line":142,"column":2},"end":{"line":144,"column":3}},"type":"if","locations":[{"start":{"line":142,"column":2},"end":{"line":144,"column":3}},{"start":{},"end":{}}],"line":142},"10":{"loc":{"start":{"line":146,"column":2},"end":{"line":146,"column":50}},"type":"if","locations":[{"start":{"line":146,"column":2},"end":{"line":146,"column":50}},{"start":{},"end":{}}],"line":146},"11":{"loc":{"start":{"line":149,"column":2},"end":{"line":156,"column":3}},"type":"if","locations":[{"start":{"line":149,"column":2},"end":{"line":156,"column":3}},{"start":{},"end":{}}],"line":149}},"s":{"0":0,"1":0,"2":0,"3":0,"4":0,"5":0,"6":0,"7":0,"8":0,"9":0,"10":0,"11":0,"12":0,"13":0,"14":0,"15":0,"16":0,"17":0,"18":0,"19":0,"20":0,"21":0,"22":0,"23":0,"24":0,"25":0,"26":0,"27":0,"28":0,"29":0,"30":0,"31":0,"32":0},"f":{"0":0,"1":0,"2":0,"3":0,"4":0,"5":0},"b":{"0":[0,0,0],"1":[0,0],"2":[0,0],"3":[0,0],"4":[0,0],"5":[0,0],"6":[0,0],"7":[0,0],"8":[0,0],"9":[0,0],"10":[0,0],"11":[0,0]}}
,"/home/pandora/Lenterra/lenterra-app/src/data/outbox/drain.ts": {"path":"/home/pandora/Lenterra/lenterra-app/src/data/outbox/drain.ts","statementMap":{"0":{"start":{"line":53,"column":17},"end":{"line":53,"column":34}},"1":{"start":{"line":56,"column":2},"end":{"line":56,"column":33}},"2":{"start":{"line":63,"column":32},"end":{"line":63,"column":82}},"3":{"start":{"line":65,"column":2},"end":{"line":68,"column":3}},"4":{"start":{"line":66,"column":4},"end":{"line":66,"column":54}},"5":{"start":{"line":67,"column":4},"end":{"line":67,"column":19}},"6":{"start":{"line":70,"column":2},"end":{"line":70,"column":26}},"7":{"start":{"line":71,"column":23},"end":{"line":71,"column":28}},"8":{"start":{"line":73,"column":2},"end":{"line":159,"column":3}},"9":{"start":{"line":75,"column":4},"end":{"line":75,"column":37}},"10":{"start":{"line":77,"column":4},"end":{"line":156,"column":5}},"11":{"start":{"line":78,"column":20},"end":{"line":78,"column":41}},"12":{"start":{"line":79,"column":6},"end":{"line":79,"column":36}},"13":{"start":{"line":79,"column":30},"end":{"line":79,"column":36}},"14":{"start":{"line":81,"column":6},"end":{"line":81,"column":66}},"15":{"start":{"line":81,"column":56},"end":{"line":81,"column":63}},"16":{"start":{"line":85,"column":6},"end":{"line":121,"column":7}},"17":{"start":{"line":86,"column":8},"end":{"line":95,"column":11}},"18":{"start":{"line":89,"column":38},"end":{"line":94,"column":11}},"19":{"start":{"line":97,"column":25},"end":{"line":97,"column":97}},"20":{"start":{"line":101,"column":8},"end":{"line":103,"column":9}},"21":{"start":{"line":102,"column":10},"end":{"line":102,"column":96}},"22":{"start":{"line":105,"column":25},"end":{"line":105,"column":53}},"23":{"start":{"line":106,"column":8},"end":{"line":110,"column":9}},"24":{"start":{"line":107,"column":10},"end":{"line":107,"column":32}},"25":{"start":{"line":108,"column":10},"end":{"line":108,"column":39}},"26":{"start":{"line":109,"column":10},"end":{"line":109,"column":19}},"27":{"start":{"line":112,"column":8},"end":{"line":119,"column":26}},"28":{"start":{"line":120,"column":8},"end":{"line":120,"column":14}},"29":{"start":{"line":123,"column":6},"end":{"line":123,"column":35}},"30":{"start":{"line":124,"column":19},"end":{"line":124,"column":64}},"31":{"start":{"line":124,"column":47},"end":{"line":124,"column":62}},"32":{"start":{"line":126,"column":6},"end":{"line":148,"column":7}},"33":{"start":{"line":127,"column":21},"end":{"line":127,"column":52}},"34":{"start":{"line":128,"column":8},"end":{"line":128,"column":28}},"35":{"start":{"line":128,"column":19},"end":{"line":128,"column":28}},"36":{"start":{"line":130,"column":8},"end":{"line":135,"column":9}},"37":{"start":{"line":131,"column":10},"end":{"line":131,"column":43}},"38":{"start":{"line":132,"column":10},"end":{"line":132,"column":31}},"39":{"start":{"line":133,"column":10},"end":{"line":133,"column":78}},"40":{"start":{"line":133,"column":41},"end":{"line":133,"column":78}},"41":{"start":{"line":134,"column":10},"end":{"line":134,"column":19}},"42":{"start":{"line":137,"column":22},"end":{"line":137,"column":82}},"43":{"start":{"line":139,"column":8},"end":{"line":147,"column":9}},"44":{"start":{"line":142,"column":10},"end":{"line":142,"column":57}},"45":{"start":{"line":143,"column":10},"end":{"line":143,"column":32}},"46":{"start":{"line":144,"column":10},"end":{"line":144,"column":44}},"47":{"start":{"line":146,"column":10},"end":{"line":146,"column":51}},"48":{"start":{"line":150,"column":6},"end":{"line":150,"column":64}},"49":{"start":{"line":150,"column":28},"end":{"line":150,"column":64}},"50":{"start":{"line":154,"column":25},"end":{"line":154,"column":46}},"51":{"start":{"line":155,"column":6},"end":{"line":155,"column":77}},"52":{"start":{"line":155,"column":71},"end":{"line":155,"column":77}},"53":{"start":{"line":158,"column":4},"end":{"line":158,"column":31}},"54":{"start":{"line":161,"column":2},"end":{"line":161,"column":52}},"55":{"start":{"line":162,"column":2},"end":{"line":162,"column":17}}},"fnMap":{"0":{"name":"isDraining","decl":{"start":{"line":55,"column":16},"end":{"line":55,"column":26}},"loc":{"start":{"line":55,"column":55},"end":{"line":57,"column":1}},"line":55},"1":{"name":"drain","decl":{"start":{"line":59,"column":22},"end":{"line":59,"column":27}},"loc":{"start":{"line":62,"column":25},"end":{"line":163,"column":1}},"line":62},"2":{"name":"(anonymous_2)","decl":{"start":{"line":81,"column":46},"end":{"line":81,"column":47}},"loc":{"start":{"line":81,"column":56},"end":{"line":81,"column":63}},"line":81},"3":{"name":"(anonymous_3)","decl":{"start":{"line":89,"column":27},"end":{"line":89,"column":28}},"loc":{"start":{"line":89,"column":38},"end":{"line":94,"column":11}},"line":89},"4":{"name":"(anonymous_4)","decl":{"start":{"line":124,"column":37},"end":{"line":124,"column":38}},"loc":{"start":{"line":124,"column":47},"end":{"line":124,"column":62}},"line":124}},"branchMap":{"0":{"loc":{"start":{"line":61,"column":2},"end":{"line":61,"column":24}},"type":"default-arg","locations":[{"start":{"line":61,"column":22},"end":{"line":61,"column":24}}],"line":61},"1":{"loc":{"start":{"line":65,"column":2},"end":{"line":68,"column":3}},"type":"if","locations":[{"start":{"line":65,"column":2},"end":{"line":68,"column":3}},{"start":{},"end":{}}],"line":65},"2":{"loc":{"start":{"line":79,"column":6},"end":{"line":79,"column":36}},"type":"if","locations":[{"start":{"line":79,"column":6},"end":{"line":79,"column":36}},{"start":{},"end":{}}],"line":79},"3":{"loc":{"start":{"line":97,"column":25},"end":{"line":97,"column":97}},"type":"cond-expr","locations":[{"start":{"line":97,"column":51},"end":{"line":97,"column":54}},{"start":{"line":97,"column":57},"end":{"line":97,"column":97}}],"line":97},"4":{"loc":{"start":{"line":106,"column":8},"end":{"line":110,"column":9}},"type":"if","locations":[{"start":{"line":106,"column":8},"end":{"line":110,"column":9}},{"start":{},"end":{}}],"line":106},"5":{"loc":{"start":{"line":106,"column":12},"end":{"line":106,"column":77}},"type":"binary-expr","locations":[{"start":{"line":106,"column":12},"end":{"line":106,"column":34}},{"start":{"line":106,"column":38},"end":{"line":106,"column":58}},{"start":{"line":106,"column":62},"end":{"line":106,"column":77}}],"line":106},"6":{"loc":{"start":{"line":113,"column":10},"end":{"line":119,"column":25}},"type":"cond-expr","locations":[{"start":{"line":114,"column":14},"end":{"line":114,"column":23}},{"start":{"line":115,"column":14},"end":{"line":119,"column":25}}],"line":113},"7":{"loc":{"start":{"line":115,"column":14},"end":{"line":119,"column":25}},"type":"cond-expr","locations":[{"start":{"line":116,"column":16},"end":{"line":116,"column":33}},{"start":{"line":117,"column":16},"end":{"line":119,"column":25}}],"line":115},"8":{"loc":{"start":{"line":117,"column":16},"end":{"line":119,"column":25}},"type":"cond-expr","locations":[{"start":{"line":118,"column":18},"end":{"line":118,"column":33}},{"start":{"line":119,"column":18},"end":{"line":119,"column":25}}],"line":117},"9":{"loc":{"start":{"line":126,"column":27},"end":{"line":126,"column":49}},"type":"binary-expr","locations":[{"start":{"line":126,"column":27},"end":{"line":126,"column":43}},{"start":{"line":126,"column":47},"end":{"line":126,"column":49}}],"line":126},"10":{"loc":{"start":{"line":128,"column":8},"end":{"line":128,"column":28}},"type":"if","locations":[{"start":{"line":128,"column":8},"end":{"line":128,"column":28}},{"start":{},"end":{}}],"line":128},"11":{"loc":{"start":{"line":130,"column":8},"end":{"line":135,"column":9}},"type":"if","locations":[{"start":{"line":130,"column":8},"end":{"line":135,"column":9}},{"start":{},"end":{}}],"line":130},"12":{"loc":{"start":{"line":130,"column":12},"end":{"line":130,"column":72}},"type":"binary-expr","locations":[{"start":{"line":130,"column":12},"end":{"line":130,"column":39}},{"start":{"line":130,"column":43},"end":{"line":130,"column":72}}],"line":130},"13":{"loc":{"start":{"line":133,"column":10},"end":{"line":133,"column":78}},"type":"if","locations":[{"start":{"line":133,"column":10},"end":{"line":133,"column":78}},{"start":{},"end":{}}],"line":133},"14":{"loc":{"start":{"line":137,"column":22},"end":{"line":137,"column":82}},"type":"binary-expr","locations":[{"start":{"line":137,"column":22},"end":{"line":137,"column":34}},{"start":{"line":137,"column":38},"end":{"line":137,"column":82}}],"line":137},"15":{"loc":{"start":{"line":139,"column":8},"end":{"line":147,"column":9}},"type":"if","locations":[{"start":{"line":139,"column":8},"end":{"line":147,"column":9}},{"start":{"line":145,"column":15},"end":{"line":147,"column":9}}],"line":139},"16":{"loc":{"start":{"line":150,"column":6},"end":{"line":150,"column":64}},"type":"if","locations":[{"start":{"line":150,"column":6},"end":{"line":150,"column":64}},{"start":{},"end":{}}],"line":150},"17":{"loc":{"start":{"line":155,"column":6},"end":{"line":155,"column":77}},"type":"if","locations":[{"start":{"line":155,"column":6},"end":{"line":155,"column":77}},{"start":{},"end":{}}],"line":155},"18":{"loc":{"start":{"line":155,"column":10},"end":{"line":155,"column":69}},"type":"binary-expr","locations":[{"start":{"line":155,"column":10},"end":{"line":155,"column":31}},{"start":{"line":155,"column":35},"end":{"line":155,"column":69}}],"line":155}},"s":{"0":0,"1":0,"2":0,"3":0,"4":0,"5":0,"6":0,"7":0,"8":0,"9":0,"10":0,"11":0,"12":0,"13":0,"14":0,"15":0,"16":0,"17":0,"18":0,"19":0,"20":0,"21":0,"22":0,"23":0,"24":0,"25":0,"26":0,"27":0,"28":0,"29":0,"30":0,"31":0,"32":0,"33":0,"34":0,"35":0,"36":0,"37":0,"38":0,"39":0,"40":0,"41":0,"42":0,"43":0,"44":0,"45":0,"46":0,"47":0,"48":0,"49":0,"50":0,"51":0,"52":0,"53":0,"54":0,"55":0},"f":{"0":0,"1":0,"2":0,"3":0,"4":0},"b":{"0":[0],"1":[0,0],"2":[0,0],"3":[0,0],"4":[0,0],"5":[0,0,0],"6":[0,0],"7":[0,0],"8":[0,0],"9":[0,0],"10":[0,0],"11":[0,0],"12":[0,0],"13":[0,0],"14":[0,0],"15":[0,0],"16":[0,0],"17":[0,0],"18":[0,0]}}
[...]
0},"end":{"line":144,"column":21}},"type":"if","locations":[{"start":{"line":142,"column":20},"end":{"line":144,"column":21}},{"start":{},"end":{}}],"line":142},"23":{"loc":{"start":{"line":142,"column":24},"end":{"line":142,"column":52}},"type":"binary-expr","locations":[{"start":{"line":142,"column":24},"end":{"line":142,"column":28}},{"start":{"line":142,"column":32},"end":{"line":142,"column":52}}],"line":142},"24":{"loc":{"start":{"line":143,"column":42},"end":{"line":143,"column":69}},"type":"cond-expr","locations":[{"start":{"line":143,"column":55},"end":{"line":143,"column":59}},{"start":{"line":143,"column":62},"end":{"line":143,"column":69}}],"line":143},"25":{"loc":{"start":{"line":149,"column":20},"end":{"line":149,"column":63}},"type":"binary-expr","locations":[{"start":{"line":149,"column":20},"end":{"line":149,"column":45}},{"start":{"line":149,"column":49},"end":{"line":149,"column":63}}],"line":149},"26":{"loc":{"start":{"line":150,"column":20},"end":{"line":150,"column":82}},"type":"binary-expr","locations":[{"start":{"line":150,"column":20},"end":{"line":150,"column":33}},{"start":{"line":150,"column":37},"end":{"line":150,"column":62}},{"start":{"line":150,"column":66},"end":{"line":150,"column":82}}],"line":150},"27":{"loc":{"start":{"line":151,"column":20},"end":{"line":151,"column":45}},"type":"binary-expr","locations":[{"start":{"line":151,"column":20},"end":{"line":151,"column":28}},{"start":{"line":151,"column":32},"end":{"line":151,"column":45}}],"line":151},"28":{"loc":{"start":{"line":154,"column":19},"end":{"line":169,"column":26}},"type":"cond-expr","locations":[{"start":{"line":155,"column":20},"end":{"line":166,"column":27}},{"start":{"line":167,"column":22},"end":{"line":169,"column":26}}],"line":154},"29":{"loc":{"start":{"line":158,"column":24},"end":{"line":158,"column":90}},"type":"cond-expr","locations":[{"start":{"line":158,"column":57},"end":{"line":158,"column":71}},{"start":{"line":158,"column":74},"end":{"line":158,"column":90}}],"line":158},"30":{"loc":{"start":{"line":159,"column":24},"end":{"line":159,"column":57}},"type":"binary-expr","locations":[{"start":{"line":159,"column":24},"end":{"line":159,"column":34}},{"start":{"line":159,"column":38},"end":{"line":159,"column":57}}],"line":159},"31":{"loc":{"start":{"line":162,"column":24},"end":{"line":162,"column":72}},"type":"binary-expr","locations":[{"start":{"line":162,"column":24},"end":{"line":162,"column":47}},{"start":{"line":162,"column":51},"end":{"line":162,"column":72}}],"line":162},"32":{"loc":{"start":{"line":165,"column":54},"end":{"line":165,"column":68}},"type":"binary-expr","locations":[{"start":{"line":165,"column":54},"end":{"line":165,"column":63}},{"start":{"line":165,"column":67},"end":{"line":165,"column":68}}],"line":165},"33":{"loc":{"start":{"line":167,"column":22},"end":{"line":169,"column":26}},"type":"cond-expr","locations":[{"start":{"line":168,"column":20},"end":{"line":168,"column":58}},{"start":{"line":169,"column":22},"end":{"line":169,"column":26}}],"line":167},"34":{"loc":{"start":{"line":192,"column":2},"end":{"line":192,"column":37}},"type":"if","locations":[{"start":{"line":192,"column":2},"end":{"line":192,"column":37}},{"start":{},"end":{}}],"line":192},"35":{"loc":{"start":{"line":199,"column":7},"end":{"line":203,"column":14}},"type":"cond-expr","locations":[{"start":{"line":200,"column":8},"end":{"line":202,"column":15}},{"start":{"line":203,"column":10},"end":{"line":203,"column":14}}],"line":199},"36":{"loc":{"start":{"line":204,"column":7},"end":{"line":208,"column":14}},"type":"cond-expr","locations":[{"start":{"line":205,"column":8},"end":{"line":207,"column":15}},{"start":{"line":208,"column":10},"end":{"line":208,"column":14}}],"line":204}},"s":{"0":0,"1":0,"2":0,"3":0,"4":0,"5":0,"6":0,"7":0,"8":0,"9":0,"10":0,"11":0,"12":0,"13":0,"14":0,"15":0,"16":0,"17":0,"18":0,"19":0,"20":0,"21":0,"22":0,"23":0,"24":0,"25":0,"26":0,"27":0,"28":0,"29":0,"30":0,"31":0,"32":0,"33":0,"34":0,"35":0,"36":0,"37":0,"38":0,"39":0,"40":0,"41":0,"42":0,"43":0,"44":0,"45":0,"46":0,"47":0,"48":0,"49":0,"50":0,"51":0,"52":0,"53":0,"54":0,"55":0,"56":0,"57":0,"58":0,"59":0,"60":0,"61":0,"62":0},"f":{"0":0,"1":0,"2":0,"3":0,"4":0,"5":0,"6":0,"7":0,"8":0,"9":0,"10":0,"11":0,"12":0,"13":0},"b":{"0":[0],"1":[0,0],"2":[0,0],"3":[0,0],"4":[0,0],"5":[0,0],"6":[0,0],"7":[0,0],"8":[0,0],"9":[0,0],"10":[0,0],"11":[0,0],"12":[0,0],"13":[0,0],"14":[0,0],"15":[0,0],"16":[0,0],"17":[0,0],"18":[0,0],"19":[0,0],"20":[0,0],"21":[0,0],"22":[0,0],"23":[0,0],"24":[0,0],"25":[0,0],"26":[0,0,0],"27":[0,0],"28":[0,0],"29":[0,0],"30":[0,0],"31":[0,0],"32":[0,0],"33":[0,0],"34":[0,0],"35":[0,0],"36":[0,0]}}
,"/home/pandora/Lenterra/lenterra-app/src/game/renderer/congklak/Board.tsx": {"path":"/home/pandora/Lenterra/lenterra-app/src/game/renderer/congklak/Board.tsx","statementMap":{"0":{"start":{"line":41,"column":16},"end":{"line":41,"column":32}},"1":{"start":{"line":43,"column":12},"end":{"line":43,"column":30}},"2":{"start":{"line":44,"column":22},"end":{"line":44,"column":54}},"3":{"start":{"line":45,"column":24},"end":{"line":45,"column":70}},"4":{"start":{"line":50,"column":22},"end":{"line":55,"column":16}},"5":{"start":{"line":51,"column":16},"end":{"line":51,"column":60}},"6":{"start":{"line":52,"column":30},"end":{"line":52,"column":32}},"7":{"start":{"line":53,"column":4},"end":{"line":53,"column":61}},"8":{"start":{"line":53,"column":17},"end":{"line":53,"column":23}},"9":{"start":{"line":53,"column":45},"end":{"line":53,"column":61}},"10":{"start":{"line":54,"column":4},"end":{"line":54,"column":19}},"11":{"start":{"line":57,"column":20},"end":{"line":62,"column":16}},"12":{"start":{"line":58,"column":16},"end":{"line":58,"column":46}},"13":{"start":{"line":59,"column":30},"end":{"line":59,"column":32}},"14":{"start":{"line":60,"column":4},"end":{"line":60,"column":61}},"15":{"start":{"line":60,"column":17},"end":{"line":60,"column":25}},"16":{"start":{"line":60,"column":45},"end":{"line":60,"column":61}},"17":{"start":{"line":61,"column":4},"end":{"line":61,"column":19}},"18":{"start":{"line":64,"column":2},"end":{"line":105,"column":4}},"19":{"start":{"line":68,"column":10},"end":{"line":74,"column":12}},"20":{"start":{"line":90,"column":24},"end":{"line":90,"column":49}},"21":{"start":{"line":91,"column":10},"end":{"line":101,"column":12}},"22":{"start":{"line":99,"column":50},"end":{"line":99,"column":67}},"23":{"start":{"line":123,"column":16},"end":{"line":123,"column":32}},"24":{"start":{"line":125,"column":2},"end":{"line":143,"column":4}},"25":{"start":{"line":155,"column":2},"end":{"line":164,"column":4}},"26":{"start":{"line":167,"column":15},"end":{"line":208,"column":2}}},"fnMap":{"0":{"name":"CongklakBoard","decl":{"start":{"line":34,"column":16},"end":{"line":34,"column":29}},"loc":{"start":{"line":40,"column":23},"end":{"line":106,"column":1}},"line":40},"1":{"name":"(anonymous_1)","decl":{"start":{"line":50,"column":30},"end":{"line":50,"column":31}},"loc":{"start":{"line":50,"column":36},"end":{"line":55,"column":3}},"line":50},"2":{"name":"(anonymous_2)","decl":{"start":{"line":57,"column":28},"end":{"line":57,"column":29}},"loc":{"start":{"line":57,"column":34},"end":{"line":62,"column":3}},"line":57},"3":{"name":"(anonymous_3)","decl":{"start":{"line":67,"column":25},"end":{"line":67,"column":26}},"loc":{"start":{"line":68,"column":10},"end":{"line":74,"column":12}},"line":68},"4":{"name":"(anonymous_4)","decl":{"start":{"line":89,"column":23},"end":{"line":89,"column":24}},"loc":{"start":{"line":89,"column":34},"end":{"line":102,"column":9}},"line":89},"5":{"name":"(anonymous_5)","decl":{"start":{"line":99,"column":44},"end":{"line":99,"column":45}},"loc":{"start":{"line":99,"column":50},"end":{"line":99,"column":67}},"line":99},"6":{"name":"Pit","decl":{"start":{"line":108,"column":9},"end":{"line":108,"column":12}},"loc":{"start":{"line":122,"column":3},"end":{"line":144,"column":1}},"line":122},"7":{"name":"Store","decl":{"start":{"line":146,"column":9},"end":{"line":146,"column":14}},"loc":{"start":{"line":154,"column":3},"end":{"line":165,"column":1}},"line":154}},"branchMap":{"0":{"loc":{"start":{"line":38,"column":2},"end":{"line":38,"column":18}},"type":"default-arg","locations":[{"start":{"line":38,"column":13},"end":{"line":38,"column":18}}],"line":38},"1":{"loc":{"start":{"line":39,"column":2},"end":{"line":39,"column":18}},"type":"default-arg","locations":[{"start":{"line":39,"column":14},"end":{"line":39,"column":18}}],"line":39},"2":{"loc":{"start":{"line":45,"column":39},"end":{"line":45,"column":69}},"type":"cond-expr","locations":[{"start":{"line":45,"column":64},"end":{"line":45,"column":65}},{"start":{"line":45,"column":68},"end":{"line":45,"column":69}}],"line":45},"3":{"loc":{"start":{"line":51,"column":29},"end":{"line":51,"column":59}},"type":"cond-expr","locations":[{"start":{"line":51,"column":54},"end":{"line":51,"column":55}},{"start":{"line":51,"column":58},"end":{"line":51,"column":59}}],"line":51},"4":{"loc":{"start":{"line":71,"column":19},"end":{"line":71,"column":41}},"type":"binary-expr","locations":[{"start":{"line":71,"column":19},"end":{"line":71,"column":36}},{"start":{"line":71,"column":40},"end":{"line":71,"column":41}}],"line":71},"5":{"loc":{"start":{"line":80,"column":17},"end":{"line":80,"column":47}},"type":"binary-expr","locations":[{"start":{"line":80,"column":17},"end":{"line":80,"column":42}},{"start":{"line":80,"column":46},"end":{"line":80,"column":47}}],"line":80},"6":{"loc":{"start":{"line":85,"column":22},"end":{"line":85,"column":50}},"type":"binary-expr","locations":[{"start":{"line":85,"column":22},"end":{"line":85,"column":45}},{"start":{"line":85,"column":49},"end":{"line":85,"column":50}}],"line":85},"7":{"loc":{"start":{"line":95,"column":21},"end":{"line":95,"column":43}},"type":"binary-expr","locations":[{"start":{"line":95,"column":21},"end":{"line":95,"column":38}},{"start":{"line":95,"column":42},"end":{"line":95,"column":43}}],"line":95},"8":{"loc":{"start":{"line":99,"column":23},"end":{"line":99,"column":79}},"type":"cond-expr","locations":[{"start":{"line":99,"column":44},"end":{"line":99,"column":67}},{"start":{"line":99,"column":70},"end":{"line":99,"column":79}}],"line":99},"9":{"loc":{"start":{"line":99,"column":23},"end":{"line":99,"column":41}},"type":"binary-expr","locations":[{"start":{"line":99,"column":23},"end":{"line":99,"column":28}},{"start":{"line":99,"column":32},"end":{"line":99,"column":41}}],"line":99},"10":{"loc":{"start":{"line":112,"column":2},"end":{"line":112,"column":15}},"type":"default-arg","locations":[{"start":{"line":112,"column":10},"end":{"line":112,"column":15}}],"line":112},"11":{"loc":{"start":{"line":113,"column":2},"end":{"line":113,"column":16}},"type":"default-arg","locations":[{"start":{"line":113,"column":11},"end":{"line":113,"column":16}}],"line":113},"12":{"loc":{"start":{"line":127,"column":25},"end":{"line":127,"column":52}},"type":"cond-expr","locations":[{"start":{"line":127,"column":35},"end":{"line":127,"column":43}},{"start":{"line":127,"column":46},"end":{"line":127,"column":52}}],"line":127},"13":{"loc":{"start":{"line":136,"column":8},"end":{"line":136,"column":49}},"type":"binary-expr","locations":[{"start":{"line":136,"column":8},"end":{"line":136,"column":27}},{"start":{"line":136,"column":31},"end":{"line":136,"column":49}}],"line":136},"14":{"loc":{"start":{"line":137,"column":8},"end":{"line":137,"column":32}},"type":"binary-expr","locations":[{"start":{"line":137,"column":8},"end":{"line":137,"column":13}},{"start":{"line":137,"column":17},"end":{"line":137,"column":32}}],"line":137},"15":{"loc":{"start":{"line":138,"column":8},"end":{"line":138,"column":34}},"type":"binary-expr","locations":[{"start":{"line":138,"column":8},"end":{"line":138,"column":14}},{"start":{"line":138,"column":18},"end":{"line":138,"column":34}}],"line":138},"16":{"loc":{"start":{"line":159,"column":28},"end":{"line":159,"column":71}},"type":"binary-expr","locations":[{"start":{"line":159,"column":28},"end":{"line":159,"column":47}},{"start":{"line":159,"column":51},"end":{"line":159,"column":71}}],"line":159}},"s":{"0":0,"1":0,"2":0,"3":0,"4":0,"5":0,"6":0,"7":0,"8":0,"9":0,"10":0,"11":0,"12":0,"13":0,"14":0,"15":0,"16":0,"17":0,"18":0,"19":0,"20":0,"21":0,"22":0,"23":0,"24":0,"25":0,"26":0},"f":{"0":0,"1":0,"2":0,"3":0,"4":0,"5":0,"6":0,"7":0},"b":{"0":[0],"1":[0],"2":[0,0],"3":[0,0],"4":[0,0],"5":[0,0],"6":[0,0],"7":[0,0],"8":[0,0],"9":[0,0],"10":[0],"11":[0],"12":[0,0],"13":[0,0],"14":[0,0],"15":[0,0],"16":[0,0]}}
,"/home/pandora/Lenterra/lenterra-app/src/lib/config.ts": {"path":"/home/pandora/Lenterra/lenterra-app/src/lib/config.ts","statementMap":{"0":{"start":{"line":19,"column":2},"end":{"line":25,"column":3}},"1":{"start":{"line":22,"column":4},"end":{"line":24,"column":6}},"2":{"start":{"line":26,"column":2},"end":{"line":26,"column":15}},"3":{"start":{"line":37,"column":20},"end":{"line":37,"column":94}},"4":{"start":{"line":39,"column":33},"end":{"line":58,"column":1}},"5":{"start":{"line":60,"column":28},"end":{"line":60,"column":63}}},"fnMap":{"0":{"name":"required","decl":{"start":{"line":18,"column":9},"end":{"line":18,"column":17}},"loc":{"start":{"line":18,"column":67},"end":{"line":27,"column":1}},"line":18}},"branchMap":{"0":{"loc":{"start":{"line":19,"column":2},"end":{"line":25,"column":3}},"type":"if","locations":[{"start":{"line":19,"column":2},"end":{"line":25,"column":3}},{"start":{},"end":{}}],"line":19},"1":{"loc":{"start":{"line":19,"column":6},"end":{"line":19,"column":34}},"type":"binary-expr","locations":[{"start":{"line":19,"column":6},"end":{"line":19,"column":12}},{"start":{"line":19,"column":16},"end":{"line":19,"column":34}}],"line":19},"2":{"loc":{"start":{"line":37,"column":21},"end":{"line":37,"column":65}},"type":"binary-expr","locations":[{"start":{"line":37,"column":21},"end":{"line":37,"column":48}},{"start":{"line":37,"column":52},"end":{"line":37,"column":65}}],"line":37},"3":{"loc":{"start":{"line":42,"column":10},"end":{"line":42,"column":55}},"type":"binary-expr","locations":[{"start":{"line":42,"column":10},"end":{"line":42,"column":45}},{"start":{"line":42,"column":49},"end":{"line":42,"column":55}}],"line":42},"4":{"loc":{"start":{"line":46,"column":13},"end":{"line":46,"column":101}},"type":"binary-expr","locations":[{"start":{"line":46,"column":13},"end":{"line":46,"column":47}},{"start":{"line":46,"column":52},"end":{"line":46,"column":100}}],"line":46},"5":{"loc":{"start":{"line":46,"column":52},"end":{"line":46,"column":100}},"type":"cond-expr","locations":[{"start":{"line":46,"column":84},"end":{"line":46,"column":91}},{"start":{"line":46,"column":94},"end":{"line":46,"column":100}}],"line":46},"6":{"loc":{"start":{"line":49,"column":22},"end":{"line":49,"column":72}},"type":"binary-expr","locations":[{"start":{"line":49,"column":22},"end":{"line":49,"column":63}},{"start":{"line":49,"column":67},"end":{"line":49,"column":72}}],"line":49},"7":{"loc":{"start":{"line":57,"column":17},"end":{"line":57,"column":66}},"type":"binary-expr","locations":[{"start":{"line":57,"column":17},"end":{"line":57,"column":55}},{"start":{"line":57,"column":59},"end":{"line":57,"column":66}}],"line":57}},"s":{"0":0,"1":0,"2":0,"3":0,"4":0,"5":0},"f":{"0":0},"b":{"0":[0,0],"1":[0,0],"2":[0,0],"3":[0,0],"4":[0,0],"5":[0,0],"6":[0,0],"7":[0,0]}}
,"/home/pandora/Lenterra/lenterra-app/src/lib/net.ts": {"path":"/home/pandora/Lenterra/lenterra-app/src/lib/net.ts","statementMap":{"0":{"start":{"line":19,"column":27},"end":{"line":19,"column":76}},"1":{"start":{"line":20,"column":18},"end":{"line":20,"column":58}},"2":{"start":{"line":23,"column":2},"end":{"line":30,"column":4}},"3":{"start":{"line":34,"column":22},"end":{"line":39,"column":4}},"4":{"start":{"line":35,"column":17},"end":{"line":35,"column":38}},"5":{"start":{"line":36,"column":20},"end":{"line":36,"column":84}},"6":{"start":{"line":37,"column":4},"end":{"line":37,"column":18}},"7":{"start":{"line":38,"column":4},"end":{"line":38,"column":65}},"8":{"start":{"line":38,"column":17},"end":{"line":38,"column":65}},"9":{"start":{"line":38,"column":49},"end":{"line":38,"column":63}},"10":{"start":{"line":41,"column":2},"end":{"line":43,"column":5}},"11":{"start":{"line":42,"column":4},"end":{"line":42,"column":35}},"12":{"start":{"line":45,"column":2},"end":{"line":45,"column":21}},"13":{"start":{"line":49,"column":2},"end":{"line":49,"column":16}},"14":{"start":{"line":53,"column":2},"end":{"line":53,"column":23}},"15":{"start":{"line":58,"column":2},"end":{"line":58,"column":26}},"16":{"start":{"line":59,"column":2},"end":{"line":59,"column":42}},"17":{"start":{"line":59,"column":15},"end":{"line":59,"column":41}},"18":{"start":{"line":64,"column":2},"end":{"line":64,"column":49}},"19":{"start":{"line":65,"column":2},"end":{"line":65,"column":16}}},"fnMap":{"0":{"name":"toConnectivity","decl":{"start":{"line":22,"column":9},"end":{"line":22,"column":23}},"loc":{"start":{"line":22,"column":59},"end":{"line":31,"column":1}},"line":22},"1":{"name":"startConnectivityWatch","decl":{"start":{"line":33,"column":16},"end":{"line":33,"column":38}},"loc":{"start":{"line":33,"column":53},"end":{"line":46,"column":1}},"line":33},"2":{"name":"(anonymous_2)","decl":{"start":{"line":34,"column":47},"end":{"line":34,"column":48}},"loc":{"start":{"line":34,"column":58},"end":{"line":39,"column":3}},"line":34},"3":{"name":"(anonymous_3)","decl":{"start":{"line":38,"column":35},"end":{"line":38,"column":36}},"loc":{"start":{"line":38,"column":49},"end":{"line":38,"column":63}},"line":38},"4":{"name":"(anonymous_4)","decl":{"start":{"line":41,"column":28},"end":{"line":41,"column":29}},"loc":{"start":{"line":41,"column":39},"end":{"line":43,"column":3}},"line":41},"5":{"name":"connectivity","decl":{"start":{"line":48,"column":16},"end":{"line":48,"column":28}},"loc":{"start":{"line":48,"column":45},"end":{"line":50,"column":1}},"line":48},"6":{"name":"isOnline","decl":{"start":{"line":52,"column":16},"end":{"line":52,"column":24}},"loc":{"start":{"line":52,"column":36},"end":{"line":54,"column":1}},"line":52},"7":{"name":"onConnectivityChange","decl":{"start":{"line":57,"column":16},"end":{"line":57,"column":36}},"loc":{"start":{"line":57,"column":90},"end":{"line":60,"column":1}},"line":57},"8":{"name":"(anonymous_8)","decl":{"start":{"line":59,"column":9},"end":{"line":59,"column":10}},"loc":{"start":{"line":59,"column":15},"end":{"line":59,"column":41}},"line":59},"9":{"name":"refreshConnectivity","decl":{"start":{"line":63,"column":22},"end":{"line":63,"column":41}},"loc":{"start":{"line":63,"column":67},"end":{"line":66,"column":1}},"line":63}},"branchMap":{"0":{"loc":{"start":{"line":27,"column":12},"end":{"line":27,"column":77}},"type":"binary-expr","locations":[{"start":{"line":27,"column":12},"end":{"line":27,"column":38}},{"start":{"line":27,"column":42},"end":{"line":27,"column":77}}],"line":27},"1":{"loc":{"start":{"line":36,"column":20},"end":{"line":36,"column":84}},"type":"binary-expr","locations":[{"start":{"line":36,"column":20},"end":{"line":36,"column":49}},{"start":{"line":36,"column":53},"end":{"line":36,"column":84}}],"line":36},"2":{"loc":{"start":{"line":38,"column":4},"end":{"line":38,"column":65}},"type":"if","locations":[{"start":{"line":38,"column":4},"end":{"line":38,"column":65}},{"start":{},"end":{}}],"line":38}},"s":{"0":0,"1":0,"2":0,"3":0,"4":0,"5":0,"6":0,"7":0,"8":0,"9":0,"10":0,"11":0,"12":0,"13":0,"14":0,"15":0,"16":0,"17":0,"18":0,"19":0},"f":{"0":0,"1":0,"2":0,"3":0,"4":0,"5":0,"6":0,"7":0,"8":0,"9":0},"b":{"0":[0,0],"1":[0,0],"2":[0,0]}}
,"/home/pandora/Lenterra/lenterra-app/src/lib/thirdweb.ts": {"path":"/home/pandora/Lenterra/lenterra-app/src/lib/thirdweb.ts","statementMap":{"0":{"start":{"line":23,"column":30},"end":{"line":25,"column":2}},"1":{"start":{"line":35,"column":21},"end":{"line":35,"column":32}}},"fnMap":{},"branchMap":{},"s":{"0":0,"1":0},"f":{},"b":{}}
}
