TN:
SF:src/data/cache/catalog.ts
FN:27,partKey
FN:31,currentCatalogVersion
FN:35,setCurrentCatalogVersion
FN:45,storePart
FN:65,readPart
FN:78,missionsFor
FN:89,findMission
FN:105,partsToPull
FN:124,evictVersion
FNF:9
FNH:8
FNDA:76,partKey
FNDA:22,currentCatalogVersion
FNDA:11,setCurrentCatalogVersion
FNDA:14,storePart
FNDA:27,readPart
FNDA:5,missionsFor
FNDA:0,findMission
FNDA:28,partsToPull
FNDA:2,evictVersion
DA:28,76
DA:32,22
DA:36,11
DA:54,14
DA:56,13
DA:62,13
DA:66,27
DA:67,27
DA:71,6
DA:72,0
DA:73,0
DA:75,6
DA:79,5
DA:94,0
DA:95,0
DA:97,0
DA:98,0
DA:99,0
DA:101,0
DA:110,28
DA:111,28
DA:112,34
DA:113,34
DA:115,28
DA:125,2
DA:126,2
LF:26
LH:18
BRDA:32,0,0,22
BRDA:32,0,1,11
BRDA:54,1,0,1
BRDA:54,1,1,13
BRDA:67,2,0,21
BRDA:67,2,1,6
BRDA:71,3,0,0
BRDA:71,3,1,6
BRDA:79,4,0,5
BRDA:79,4,1,1
BRDA:94,5,0,0
BRDA:94,5,1,0
BRDA:95,6,0,0
BRDA:95,6,1,0
BRDA:99,7,0,0
BRDA:99,7,1,0
BRDA:113,8,0,18
BRDA:113,8,1,16
BRDA:113,9,0,34
BRDA:113,9,1,16
BRF:20
BRH:13
end_of_record
TN:
SF:src/data/cache/catalogSync.ts
FN:106,deferredUpdate
FN:110,rememberDeferred
FN:118,clearDeferred
FN:134,holdCatalog
FN:137,(anonymous_4)
FN:144,catalogHeld
FN:164,syncCatalog
FN:185,(anonymous_7)
FN:198,(anonymous_8)
FN:199,(anonymous_9)
FN:229,(anonymous_10)
FN:245,(anonymous_11)
FN:272,commitVersion
FN:284,(anonymous_13)
FN:298,partsIndexKey
FN:303,batches
FN:331,loadCatalogStrings
FN:348,allCachedMissions
FNF:18
FNH:16
FNDA:0,deferredUpdate
FNDA:1,rememberDeferred
FNDA:12,clearDeferred
FNDA:1,holdCatalog
FNDA:1,(anonymous_4)
FNDA:15,catalogHeld
FNDA:16,syncCatalog
FNDA:20,(anonymous_7)
FNDA:18,(anonymous_8)
FNDA:17,(anonymous_9)
FNDA:16,(anonymous_10)
FNDA:14,(anonymous_11)
FNDA:11,commitVersion
FNDA:13,(anonymous_13)
FNDA:15,partsIndexKey
FNDA:14,batches
FNDA:11,loadCatalogStrings
FNDA:0,allCachedMissions
DA:44,1
DA:53,1
DA:55,1
DA:70,1
DA:104,1
DA:107,0
DA:111,1
DA:119,12
DA:126,1
DA:135,1
DA:136,1
DA:137,1
DA:138,1
DA:139,1
DA:140,1
DA:145,15
DA:168,16
DA:171,16
DA:172,16
DA:179,0
DA:185,20
DA:186,16
DA:188,16
DA:189,1
DA:192,0
DA:194,1
DA:195,1
DA:198,18
DA:199,17
DA:201,15
DA:202,1
DA:203,1
DA:209,14
DA:210,14
DA:211,0
DA:212,0
DA:215,14
DA:221,14
DA:223,14
DA:225,14
DA:226,14
DA:229,16
DA:234,1
DA:237,13
DA:238,14
DA:242,1
DA:244,13
DA:245,14
DA:246,13
DA:252,12
DA:253,12
DA:254,1
DA:257,11
DA:258,11
DA:259,11
DA:260,11
DA:281,11
DA:284,13
DA:286,11
DA:288,11
DA:289,3
DA:291,2
DA:292,2
DA:293,2
DA:294,2
DA:299,15
DA:304,14
DA:305,14
DA:306,14
DA:308,14
DA:311,16
DA:312,0
DA:313,0
DA:314,0
DA:316,16
DA:317,16
DA:319,14
DA:320,14
DA:332,11
DA:333,11
DA:335,11
DA:336,22
DA:337,22
DA:349,0
DA:350,0
DA:352,0
DA:353,0
DA:354,0
LF:88
LH:75
BRDA:138,0,0,0
BRDA:138,0,1,1
BRDA:166,1,0,16
BRDA:175,2,0,6
BRDA:175,2,1,10
BRDA:179,3,0,0
BRDA:179,3,1,0
BRDA:188,4,0,1
BRDA:188,4,1,15
BRDA:189,5,0,0
BRDA:189,5,1,1
BRDA:201,6,0,1
BRDA:201,6,1,14
BRDA:201,7,0,15
BRDA:201,7,1,1
BRDA:209,8,0,14
BRDA:209,8,1,4
BRDA:210,9,0,0
BRDA:210,9,1,14
BRDA:210,10,0,14
BRDA:210,10,1,4
BRDA:210,10,2,0
BRDA:234,11,0,0
BRDA:234,11,1,1
BRDA:238,12,0,1
BRDA:238,12,1,13
BRDA:245,13,0,13
BRDA:245,13,1,0
BRDA:253,14,0,1
BRDA:253,14,1,11
BRDA:288,15,0,8
BRDA:288,15,1,3
BRDA:288,16,0,11
BRDA:288,16,1,3
BRDA:289,17,0,1
BRDA:289,17,1,2
BRDA:292,18,0,2
BRDA:292,18,1,0
BRDA:311,19,0,0
BRDA:311,19,1,16
BRDA:311,20,0,16
BRDA:311,20,1,2
BRDA:319,21,0,14
BRDA:319,21,1,0
BRDA:332,22,0,11
BRDA:332,22,1,0
BRDA:333,23,0,0
BRDA:333,23,1,11
BRDA:337,24,0,2
BRDA:337,24,1,20
BRDA:350,25,0,0
BRDA:350,25,1,0
BRF:52
BRH:37
end_of_record
TN:
SF:src/data/cache/courses.ts
FN:22,coursesFor
FN:27,allCourses
FN:33,findCourse
FN:46,lessonsFor
FN:59,findLesson
FN:89,resumeLesson
FN:98,nextLessonId
FN:99,(anonymous_7)
FN:104,checkOf
FN:115,lessonCovering
FNF:10
FNH:3
FNDA:0,coursesFor
FNDA:0,allCourses
FNDA:0,findCourse
FNDA:0,lessonsFor
FNDA:0,findLesson
FNDA:2,resumeLesson
FNDA:2,nextLessonId
FNDA:4,(anonymous_7)
FNDA:0,checkOf
FNDA:0,lessonCovering
DA:23,0
DA:28,0
DA:29,0
DA:30,0
DA:37,0
DA:38,0
DA:39,0
DA:40,0
DA:42,0
DA:47,0
DA:48,0
DA:49,0
DA:64,0
DA:65,0
DA:67,0
DA:68,0
DA:69,0
DA:71,0
DA:72,0
DA:74,0
DA:75,0
DA:76,0
DA:79,0
DA:90,2
DA:91,2
DA:92,5
DA:94,1
DA:99,4
DA:100,2
DA:101,1
DA:105,0
DA:116,0
DA:117,0
DA:119,0
DA:120,0
DA:121,0
DA:122,0
DA:124,0
LF:38
LH:7
BRDA:23,0,0,0
BRDA:23,0,1,0
BRDA:29,1,0,0
BRDA:29,1,1,0
BRDA:38,2,0,0
BRDA:38,2,1,0
BRDA:40,3,0,0
BRDA:40,3,1,0
BRDA:47,4,0,0
BRDA:47,4,1,0
BRDA:48,5,0,0
BRDA:48,5,1,0
BRDA:49,6,0,0
BRDA:49,6,1,0
BRDA:64,7,0,0
BRDA:64,7,1,0
BRDA:65,8,0,0
BRDA:65,8,1,0
BRDA:68,9,0,0
BRDA:68,9,1,0
BRDA:72,10,0,0
BRDA:72,10,1,0
BRDA:75,11,0,0
BRDA:75,11,1,0
BRDA:90,12,0,0
BRDA:90,12,1,2
BRDA:92,13,0,1
BRDA:92,13,1,4
BRDA:94,14,0,1
BRDA:94,14,1,0
BRDA:100,15,0,1
BRDA:100,15,1,1
BRDA:100,16,0,2
BRDA:100,16,1,2
BRDA:101,17,0,1
BRDA:101,17,1,0
BRDA:105,18,0,0
BRDA:105,18,1,0
BRDA:117,19,0,0
BRDA:117,19,1,0
BRDA:120,20,0,0
BRDA:120,20,1,0
BRDA:122,21,0,0
BRDA:122,21,1,0
BRF:44
BRH:9
end_of_record
TN:
SF:src/data/cache/storage.ts
FN:41,rootStorage
FN:52,accountStorage
FN:61,activeAccountId
FN:65,setActiveAccount
FN:74,knownAccountIds
FN:92,signOut
FN:98,forgetAccount
FN:103,(anonymous_7)
FN:112,readJson
FN:125,writeJson
FN:136,deviceId
FN:152,nextDeviceSeq
FNF:12
FNH:4
FNDA:0,rootStorage
FNDA:661,accountStorage
FNDA:0,activeAccountId
FNDA:0,setActiveAccount
FNDA:0,knownAccountIds
FNDA:0,signOut
FNDA:0,forgetAccount
FNDA:0,(anonymous_7)
FNDA:298,readJson
FNDA:227,writeJson
FNDA:0,deviceId
FNDA:87,nextDeviceSeq
DA:17,3
DA:19,3
DA:21,3
DA:29,3
DA:42,0
DA:53,661
DA:54,661
DA:55,5
DA:56,5
DA:58,661
DA:62,0
DA:66,0
DA:68,0
DA:69,0
DA:70,0
DA:75,0
DA:76,0
DA:77,0
DA:78,0
DA:79,0
DA:81,0
DA:93,0
DA:94,0
DA:99,0
DA:100,0
DA:101,0
DA:103,0
DA:105,0
DA:113,298
DA:114,298
DA:115,229
DA:116,229
DA:120,0
DA:121,0
DA:126,227
DA:137,0
DA:138,0
DA:139,0
DA:140,0
DA:142,0
DA:153,87
DA:154,87
DA:155,87
DA:156,87
LF:44
LH:18
BRDA:54,0,0,5
BRDA:54,0,1,656
BRDA:62,1,0,0
BRDA:62,1,1,0
BRDA:69,2,0,0
BRDA:69,2,1,0
BRDA:76,3,0,0
BRDA:76,3,1,0
BRDA:79,4,0,0
BRDA:79,4,1,0
BRDA:105,5,0,0
BRDA:105,5,1,0
BRDA:114,6,0,69
BRDA:114,6,1,229
BRDA:138,7,0,0
BRDA:138,7,1,0
BRDA:154,8,0,87
BRDA:154,8,1,20
BRF:18
BRH:6
end_of_record
TN:
SF:src/data/nakama/client.ts
FN:47,nowSeconds
FN:51,toStored
FN:62,fromStored
FN:66,persistSession
FN:71,loadSession
FN:82,clearSession
FN:87,sessionUserId
FN:99,ensureSession
FN:119,(anonymous_8)
FN:123,(anonymous_9)
FN:128,(anonymous_10)
FN:136,isSessionExpired
FNF:12
FNH:0
FNDA:0,nowSeconds
FNDA:0,toStored
FNDA:0,fromStored
FNDA:0,persistSession
FNDA:0,loadSession
FNDA:0,clearSession
FNDA:0,sessionUserId
FNDA:0,ensureSession
FNDA:0,(anonymous_8)
FNDA:0,(anonymous_9)
FNDA:0,(anonymous_10)
FNDA:0,isSessionExpired
DA:17,0
DA:42,0
DA:44,0
DA:45,0
DA:48,0
DA:52,0
DA:63,0
DA:67,0
DA:68,0
DA:72,0
DA:74,0
DA:75,0
DA:77,0
DA:78,0
DA:79,0
DA:83,0
DA:84,0
DA:88,0
DA:89,0
DA:100,0
DA:101,0
DA:103,0
DA:104,0
DA:106,0
DA:107,0
DA:110,0
DA:111,0
DA:116,0
DA:117,0
DA:120,0
DA:121,0
DA:126,0
DA:129,0
DA:133,0
DA:137,0
DA:138,0
DA:139,0
LF:37
LH:0
BRDA:54,0,0,0
BRDA:54,0,1,0
BRDA:55,1,0,0
BRDA:55,1,1,0
BRDA:56,2,0,0
BRDA:56,2,1,0
BRDA:57,3,0,0
BRDA:57,3,1,0
BRDA:58,4,0,0
BRDA:58,4,1,0
BRDA:72,5,0,0
BRDA:72,5,1,0
BRDA:72,6,0,0
BRDA:72,6,1,0
BRDA:75,7,0,0
BRDA:75,7,1,0
BRDA:84,8,0,0
BRDA:84,8,1,0
BRDA:84,9,0,0
BRDA:84,9,1,0
BRDA:89,10,0,0
BRDA:89,10,1,0
BRDA:101,11,0,0
BRDA:101,11,1,0
BRDA:103,12,0,0
BRDA:103,12,1,0
BRDA:104,13,0,0
BRDA:104,13,1,0
BRDA:106,14,0,0
BRDA:106,14,1,0
BRDA:107,15,0,0
BRDA:107,15,1,0
BRDA:107,16,0,0
BRDA:107,16,1,0
BRDA:116,17,0,0
BRDA:116,17,1,0
BRDA:138,18,0,0
BRDA:138,18,1,0
BRDA:139,19,0,0
BRDA:139,19,1,0
BRF:40
BRH:0
end_of_record
TN:
SF:src/data/nakama/friends.ts
FN:50,listFriends
FN:95,emptyFriendLists
FN:107,findByCode
FN:120,addFriend
FN:127,removeFriend
FN:140,blockUser
FN:155,reportUser
FNF:7
FNH:0
FNDA:0,listFriends
FNDA:0,emptyFriendLists
FNDA:0,findByCode
FNDA:0,addFriend
FNDA:0,removeFriend
FNDA:0,blockUser
FNDA:0,reportUser
DA:24,0
DA:48,0
DA:51,0
DA:52,0
DA:55,0
DA:56,0
DA:58,0
DA:61,0
DA:63,0
DA:64,0
DA:72,0
DA:74,0
DA:76,0
DA:77,0
DA:79,0
DA:80,0
DA:82,0
DA:83,0
DA:85,0
DA:86,0
DA:88,0
DA:92,0
DA:96,0
DA:111,0
DA:116,0
DA:121,0
DA:122,0
DA:123,0
DA:128,0
DA:129,0
DA:130,0
DA:141,0
DA:142,0
DA:143,0
DA:161,0
LF:35
LH:0
BRDA:52,0,0,0
BRDA:52,0,1,0
BRDA:63,1,0,0
BRDA:63,1,1,0
BRDA:65,2,0,0
BRDA:65,2,1,0
BRDA:68,3,0,0
BRDA:68,3,1,0
BRDA:68,3,2,0
BRDA:69,4,0,0
BRDA:69,4,1,0
BRDA:72,5,0,0
BRDA:72,5,1,0
BRDA:74,6,0,0
BRDA:74,6,1,0
BRDA:74,6,2,0
BRDA:74,6,3,0
BRDA:74,6,4,0
BRDA:116,7,0,0
BRDA:116,7,1,0
BRDA:122,8,0,0
BRDA:122,8,1,0
BRDA:129,9,0,0
BRDA:129,9,1,0
BRDA:142,10,0,0
BRDA:142,10,1,0
BRF:26
BRH:0
end_of_record
TN:
SF:src/data/nakama/rpc.ts
FN:42,(anonymous_0)
FN:56,(anonymous_1)
FN:60,(anonymous_2)
FN:90,toCode
FN:107,rpc
FN:161,withIdempotency
FNF:6
FNH:0
FNDA:0,(anonymous_0)
FNDA:0,(anonymous_1)
FNDA:0,(anonymous_2)
FNDA:0,toCode
FNDA:0,rpc
FNDA:0,withIdempotency
DA:43,0
DA:44,0
DA:45,0
DA:46,0
DA:57,0
DA:61,0
DA:62,0
DA:66,0
DA:78,0
DA:91,0
DA:113,0
DA:115,0
DA:116,0
DA:120,0
DA:123,0
DA:124,0
DA:128,0
DA:129,0
DA:130,0
DA:132,0
DA:136,0
DA:137,0
DA:139,0
DA:142,0
DA:143,0
DA:146,0
DA:148,0
DA:149,0
DA:153,0
DA:157,0
DA:162,0
DA:165,0
LF:32
LH:0
BRDA:57,0,0,0
BRDA:57,0,1,0
BRDA:57,0,2,0
BRDA:62,1,0,0
BRDA:62,1,1,0
BRDA:91,2,0,0
BRDA:91,2,1,0
BRDA:113,3,0,0
BRDA:113,3,1,0
BRDA:115,4,0,0
BRDA:115,4,1,0
BRDA:123,5,0,0
BRDA:123,5,1,0
BRDA:124,6,0,0
BRDA:124,6,1,0
BRDA:129,7,0,0
BRDA:129,7,1,0
BRDA:129,8,0,0
BRDA:129,8,1,0
BRDA:142,9,0,0
BRDA:142,9,1,0
BRDA:146,10,0,0
BRDA:146,10,1,0
BRDA:149,11,0,0
BRDA:149,11,1,0
BRF:25
BRH:0
end_of_record
TN:
SF:src/data/outbox/drain.ts
FN:55,isDraining
FN:59,drain
FN:81,(anonymous_2)
FN:89,(anonymous_3)
FN:124,(anonymous_4)
FNF:5
FNH:0
FNDA:0,isDraining
FNDA:0,drain
FNDA:0,(anonymous_2)
FNDA:0,(anonymous_3)
FNDA:0,(anonymous_4)
DA:53,0
DA:56,0
DA:63,0
DA:65,0
DA:66,0
DA:67,0
DA:70,0
DA:71,0
DA:73,0
DA:75,0
DA:77,0
DA:78,0
DA:79,0
DA:81,0
DA:85,0
DA:86,0
DA:89,0
DA:97,0
DA:101,0
DA:102,0
DA:105,0
DA:106,0
DA:107,0
DA:108,0
DA:109,0
DA:112,0
DA:120,0
DA:123,0
DA:124,0
DA:126,0
DA:127,0
DA:128,0
DA:130,0
DA:131,0
DA:132,0
DA:133,0
DA:134,0
DA:137,0
DA:139,0
DA:142,0
DA:143,0
DA:144,0
DA:146,0
DA:150,0
DA:154,0
DA:155,0
DA:158,0
DA:161,0
DA:162,0
LF:49
LH:0
BRDA:61,0,0,0
BRDA:65,1,0,0
BRDA:65,1,1,0
BRDA:79,2,0,0
BRDA:79,2,1,0
BRDA:97,3,0,0
BRDA:97,3,1,0
BRDA:106,4,0,0
BRDA:106,4,1,0
BRDA:106,5,0,0
BRDA:106,5,1,0
BRDA:106,5,2,0
BRDA:113,6,0,0
BRDA:113,6,1,0
BRDA:115,7,0,0
BRDA:115,7,1,0
BRDA:117,8,0,0
BRDA:117,8,1,0
BRDA:126,9,0,0
BRDA:126,9,1,0
BRDA:128,10,0,0
BRDA:128,10,1,0
BRDA:130,11,0,0
BRDA:130,11,1,0
BRDA:130,12,0,0
BRDA:130,12,1,0
BRDA:133,13,0,0
BRDA:133,13,1,0
BRDA:137,14,0,0
BRDA:137,14,1,0
BRDA:139,15,0,0
BRDA:139,15,1,0
BRDA:150,16,0,0
BRDA:150,16,1,0
BRDA:155,17,0,0
BRDA:155,17,1,0
BRDA:155,18,0,0
BRDA:155,18,1,0
BRF:38
BRH:0
end_of_record
TN:
SF:src/data/outbox/queue.ts
FN:13,read
FN:17,write
FN:22,newItemId
FN:32,enqueue
FN:53,(anonymous_4)
FN:60,all
FN:64,pendingCount
FN:65,(anonymous_7)
FN:69,oldestPendingAt
FN:70,(anonymous_9)
FN:72,(anonymous_10)
FN:83,take
FN:85,(anonymous_12)
FN:86,(anonymous_13)
FN:103,markInflight
FN:115,remove
FN:118,(anonymous_16)
FN:127,backoff
FN:150,markPermanent
FN:165,permanentFailures
FN:166,(anonymous_20)
FN:170,acknowledge
FN:175,recoverInflight
FNF:23
FNH:22
FNDA:222,read
FNDA:195,write
FNDA:12,newItemId
FNDA:87,enqueue
FNDA:1779,(anonymous_4)
FNDA:12,all
FNDA:3,pendingCount
FNDA:1,(anonymous_7)
FNDA:2,oldestPendingAt
FNDA:1,(anonymous_9)
FNDA:1,(anonymous_10)
FNDA:8,take
FNDA:71,(anonymous_12)
FNDA:61,(anonymous_13)
FNDA:54,markInflight
FNDA:1,remove
FNDA:1,(anonymous_16)
FNDA:52,backoff
FNDA:1,markPermanent
FNDA:1,permanentFailures
FNDA:1,(anonymous_20)
FNDA:0,acknowledge
FNDA:1,recoverInflight
DA:14,222
DA:18,195
DA:23,12
DA:38,87
DA:50,87
DA:53,1779
DA:55,86
DA:56,86
DA:57,86
DA:61,12
DA:65,3
DA:70,2
DA:71,2
DA:72,1
DA:84,8
DA:85,71
DA:86,61
DA:88,8
DA:89,8
DA:91,8
DA:92,58
DA:93,58
DA:96,57
DA:97,57
DA:98,57
DA:100,8
DA:104,54
DA:105,54
DA:106,56
DA:107,54
DA:108,54
DA:109,54
DA:111,54
DA:116,1
DA:118,1
DA:133,52
DA:134,52
DA:135,54
DA:136,52
DA:137,52
DA:138,52
DA:140,52
DA:155,1
DA:156,1
DA:157,1
DA:158,1
DA:159,1
DA:161,1
DA:166,1
DA:171,0
DA:176,1
DA:177,1
DA:178,1
DA:179,1
DA:182,1
DA:183,1
DA:185,1
LF:57
LH:56
BRDA:14,0,0,222
BRDA:14,0,1,23
BRDA:36,1,0,12
BRDA:53,2,0,1
BRDA:53,2,1,86
BRDA:71,3,0,1
BRDA:71,3,1,1
BRDA:83,4,0,7
BRDA:85,5,0,71
BRDA:85,5,1,69
BRDA:93,6,0,1
BRDA:93,6,1,57
BRDA:96,7,0,0
BRDA:96,7,1,57
BRDA:96,8,0,57
BRDA:96,8,1,51
BRDA:103,9,0,53
BRDA:106,10,0,2
BRDA:106,10,1,54
BRDA:131,11,0,51
BRDA:135,12,0,2
BRDA:135,12,1,52
BRDA:138,13,0,52
BRDA:138,13,1,0
BRDA:157,14,0,0
BRDA:157,14,1,1
BRDA:179,15,0,0
BRDA:179,15,1,1
BRDA:185,16,0,1
BRDA:185,16,1,0
BRF:30
BRH:25
end_of_record
TN:
SF:src/data/outbox/types.ts
FN:39,backoffFor
FN:53,isPermanent
FN:58,needsRecovery
FNF:3
FNH:3
FNDA:55,backoffFor
FNDA:5,isPermanent
FNDA:3,needsRecovery
DA:37,3
DA:40,55
DA:41,55
DA:51,3
DA:54,5
DA:59,3
DA:60,2
DA:61,1
DA:64,3
DA:65,3
LF:10
LH:10
BRDA:54,0,0,5
BRDA:54,0,1,4
BRDA:59,1,0,1
BRDA:59,1,1,2
BRDA:60,2,0,1
BRDA:60,2,1,1
BRF:6
BRH:6
end_of_record
TN:
SF:src/data/queries/client.ts
FN:17,createQueryClient
FN:28,(anonymous_1)
FN:32,(anonymous_2)
FN:58,persistQueryCache
FN:72,restoreQueryCache
FN:87,(anonymous_5)
FN:88,(anonymous_6)
FN:89,(anonymous_7)
FN:92,(anonymous_8)
FN:93,(anonymous_9)
FN:94,(anonymous_10)
FN:96,(anonymous_11)
FN:97,(anonymous_12)
FN:98,(anonymous_13)
FN:99,(anonymous_14)
FNF:15
FNH:0
FNDA:0,createQueryClient
FNDA:0,(anonymous_1)
FNDA:0,(anonymous_2)
FNDA:0,persistQueryCache
FNDA:0,restoreQueryCache
FNDA:0,(anonymous_5)
FNDA:0,(anonymous_6)
FNDA:0,(anonymous_7)
FNDA:0,(anonymous_8)
FNDA:0,(anonymous_9)
FNDA:0,(anonymous_10)
FNDA:0,(anonymous_11)
FNDA:0,(anonymous_12)
FNDA:0,(anonymous_13)
FNDA:0,(anonymous_14)
DA:15,0
DA:18,0
DA:29,0
DA:30,0
DA:33,0
DA:34,0
DA:59,0
DA:61,0
DA:62,0
DA:63,0
DA:66,0
DA:73,0
DA:74,0
DA:79,0
DA:81,0
DA:82,0
DA:86,0
DA:87,0
DA:88,0
DA:90,0
DA:92,0
DA:93,0
DA:95,0
DA:96,0
DA:97,0
DA:98,0
DA:99,0
LF:27
LH:0
BRDA:29,0,0,0
BRDA:29,0,1,0
BRDA:29,1,0,0
BRDA:29,1,1,0
BRDA:33,2,0,0
BRDA:33,2,1,0
BRDA:33,3,0,0
BRDA:33,3,1,0
BRDA:62,4,0,0
BRDA:62,4,1,0
BRDA:74,5,0,0
BRDA:74,5,1,0
BRDA:79,6,0,0
BRDA:79,6,1,0
BRDA:90,7,0,0
BRDA:90,7,1,0
BRF:16
BRH:0
end_of_record
TN:
SF:src/data/queries/hooks.ts
FN:155,useClassGoal
FN:159,(anonymous_1)
FN:173,useBootstrap
FN:177,(anonymous_3)
FN:188,useRecommendations
FN:192,(anonymous_5)
FN:199,useProgress
FN:203,(anonymous_7)
FN:207,useLeaderboard
FN:215,(anonymous_9)
FN:254,useCertificates
FN:258,(anonymous_11)
FN:269,useFriends
FN:273,(anonymous_13)
FN:280,usePoints
FN:284,(anonymous_15)
FNF:16
FNH:0
FNDA:0,useClassGoal
FNDA:0,(anonymous_1)
FNDA:0,useBootstrap
FNDA:0,(anonymous_3)
FNDA:0,useRecommendations
FNDA:0,(anonymous_5)
FNDA:0,useProgress
FNDA:0,(anonymous_7)
FNDA:0,useLeaderboard
FNDA:0,(anonymous_9)
FNDA:0,useCertificates
FNDA:0,(anonymous_11)
FNDA:0,useFriends
FNDA:0,(anonymous_13)
FNDA:0,usePoints
FNDA:0,(anonymous_15)
DA:25,0
DA:27,0
DA:57,0
DA:67,0
DA:80,0
DA:110,0
DA:134,0
DA:156,0
DA:159,0
DA:163,0
DA:174,0
DA:178,0
DA:189,0
DA:193,0
DA:200,0
DA:203,0
DA:212,0
DA:216,0
DA:222,0
DA:255,0
DA:259,0
DA:270,0
DA:273,0
DA:281,0
DA:285,0
LF:25
LH:0
BRDA:157,0,0,0
BRDA:157,0,1,0
BRDA:175,1,0,0
BRDA:175,1,1,0
BRDA:190,2,0,0
BRDA:190,2,1,0
BRDA:201,3,0,0
BRDA:201,3,1,0
BRDA:209,4,0,0
BRDA:210,5,0,0
BRDA:213,6,0,0
BRDA:213,6,1,0
BRDA:256,7,0,0
BRDA:256,7,1,0
BRDA:271,8,0,0
BRDA:271,8,1,0
BRDA:282,9,0,0
BRDA:282,9,1,0
BRF:18
BRH:0
end_of_record
TN:
SF:src/features/courses/progress.ts
FN:22,read
FN:27,completedLessons
FN:30,(anonymous_2)
FN:31,(anonymous_3)
FN:34,isLessonComplete
FN:45,completeLesson
FN:61,lessonsCompletedIn
FNF:7
FNH:7
FNDA:13,read
FNDA:3,completedLessons
FNDA:4,(anonymous_2)
FNDA:1,(anonymous_3)
FNDA:2,isLessonComplete
FNDA:8,completeLesson
FNDA:2,lessonsCompletedIn
DA:18,1
DA:23,13
DA:28,3
DA:29,3
DA:30,4
DA:31,1
DA:35,2
DA:46,8
DA:47,8
DA:49,7
DA:50,7
DA:51,7
DA:66,2
DA:67,2
LF:14
LH:14
BRDA:23,0,0,13
BRDA:23,0,1,7
BRDA:30,1,0,4
BRDA:30,1,1,4
BRDA:31,2,0,1
BRDA:31,2,1,0
BRDA:31,3,0,1
BRDA:31,3,1,0
BRDA:47,4,0,1
BRDA:47,4,1,7
BRDA:67,5,0,2
BRDA:67,5,1,0
BRF:12
BRH:9
end_of_record
TN:
SF:src/features/courses/useCheck.ts
FN:46,useCheck
FN:59,(anonymous_1)
FN:64,(anonymous_2)
FN:70,(anonymous_3)
FN:70,(anonymous_4)
FN:74,(anonymous_5)
FN:77,(anonymous_6)
FN:98,(anonymous_7)
FN:101,(anonymous_8)
FNF:9
FNH:0
FNDA:0,useCheck
FNDA:0,(anonymous_1)
FNDA:0,(anonymous_2)
FNDA:0,(anonymous_3)
FNDA:0,(anonymous_4)
FNDA:0,(anonymous_5)
FNDA:0,(anonymous_6)
FNDA:0,(anonymous_7)
FNDA:0,(anonymous_8)
DA:54,0
DA:55,0
DA:56,0
DA:58,0
DA:63,0
DA:64,0
DA:69,0
DA:70,0
DA:74,0
DA:75,0
DA:77,0
DA:82,0
DA:83,0
DA:88,0
DA:98,0
DA:99,0
DA:100,0
DA:101,0
DA:104,0
LF:19
LH:0
BRDA:63,0,0,0
BRDA:63,0,1,0
BRDA:75,1,0,0
BRDA:75,1,1,0
BRF:4
BRH:0
end_of_record
TN:
SF:src/features/onboarding/auth.ts
FN:36,(anonymous_0)
FN:49,postToVerifier
FN:83,fetchAssertion
FN:111,signIn
FN:152,sendEmailCode
FN:174,signInWithClassCode
FNF:6
FNH:0
FNDA:0,(anonymous_0)
FNDA:0,postToVerifier
FNDA:0,fetchAssertion
FNDA:0,signIn
FNDA:0,sendEmailCode
FNDA:0,signInWithClassCode
DA:37,0
DA:38,0
DA:39,0
DA:51,0
DA:52,0
DA:62,0
DA:65,0
DA:66,0
DA:68,0
DA:88,0
DA:92,0
DA:97,0
DA:112,0
DA:115,0
DA:116,0
DA:121,0
DA:124,0
DA:128,0
DA:131,0
DA:132,0
DA:137,0
DA:140,0
DA:141,0
DA:142,0
DA:143,0
DA:153,0
DA:154,0
DA:175,0
LF:28
LH:0
BRDA:65,0,0,0
BRDA:65,0,1,0
BRDA:117,1,0,0
BRDA:117,1,1,0
BRDA:118,2,0,0
BRDA:118,2,1,0
BRDA:121,3,0,0
BRDA:121,3,1,0
BRDA:137,4,0,0
BRDA:137,4,1,0
BRDA:140,5,0,0
BRDA:140,5,1,0
BRF:12
BRH:0
end_of_record
TN:
SF:src/features/onboarding/useSession.ts
FN:27,useSession
FN:33,(anonymous_1)
FN:65,(anonymous_2)
FNF:3
FNH:0
FNDA:0,useSession
FNDA:0,(anonymous_1)
FNDA:0,(anonymous_2)
DA:31,0
DA:33,0
DA:34,0
DA:36,0
DA:37,0
DA:38,0
DA:41,0
DA:45,0
DA:46,0
DA:47,0
DA:50,0
DA:56,0
DA:65,0
DA:66,0
DA:67,0
DA:69,0
DA:70,0
DA:71,0
DA:72,0
DA:75,0
LF:20
LH:0
BRDA:36,0,0,0
BRDA:36,0,1,0
BRDA:45,1,0,0
BRDA:45,1,1,0
BRDA:45,2,0,0
BRDA:45,2,1,0
BRDA:51,3,0,0
BRDA:51,3,1,0
BRDA:67,4,0,0
BRDA:67,4,1,0
BRF:10
BRH:0
end_of_record
TN:
SF:src/features/play/usePlaySession.ts
FN:65,usePlaySession
FN:70,(anonymous_1)
FN:85,(anonymous_2)
FN:87,(anonymous_3)
FN:90,(anonymous_4)
FN:96,(anonymous_5)
FN:131,(anonymous_6)
FN:137,(anonymous_7)
FN:154,(anonymous_8)
FN:159,(anonymous_9)
FN:205,(anonymous_10)
FN:258,(anonymous_11)
FN:270,(anonymous_12)
FN:282,(anonymous_13)
FN:283,(anonymous_14)
FN:288,(anonymous_15)
FN:301,(anonymous_16)
FN:302,(anonymous_17)
FN:307,(anonymous_18)
FN:350,describeRejection
FNF:20
FNH:0
FNDA:0,usePlaySession
FNDA:0,(anonymous_1)
FNDA:0,(anonymous_2)
FNDA:0,(anonymous_3)
FNDA:0,(anonymous_4)
FNDA:0,(anonymous_5)
FNDA:0,(anonymous_6)
FNDA:0,(anonymous_7)
FNDA:0,(anonymous_8)
FNDA:0,(anonymous_9)
FNDA:0,(anonymous_10)
FNDA:0,(anonymous_11)
FNDA:0,(anonymous_12)
FNDA:0,(anonymous_13)
FNDA:0,(anonymous_14)
FNDA:0,(anonymous_15)
FNDA:0,(anonymous_16)
FNDA:0,(anonymous_17)
FNDA:0,(anonymous_18)
FNDA:0,describeRejection
DA:66,0
DA:67,0
DA:69,0
DA:70,0
DA:74,0
DA:75,0
DA:76,0
DA:77,0
DA:78,0
DA:79,0
DA:80,0
DA:81,0
DA:82,0
DA:84,0
DA:86,0
DA:90,0
DA:96,0
DA:97,0
DA:99,0
DA:100,0
DA:102,0
DA:106,0
DA:107,0
DA:108,0
DA:109,0
DA:110,0
DA:112,0
DA:115,0
DA:116,0
DA:117,0
DA:119,0
DA:122,0
DA:123,0
DA:124,0
DA:129,0
DA:131,0
DA:132,0
DA:133,0
DA:137,0
DA:138,0
DA:139,0
DA:143,0
DA:144,0
DA:154,0
DA:155,0
DA:159,0
DA:160,0
DA:161,0
DA:163,0
DA:164,0
DA:165,0
DA:166,0
DA:171,0
DA:198,0
DA:199,0
DA:200,0
DA:204,0
DA:206,0
DA:207,0
DA:209,0
DA:210,0
DA:212,0
DA:215,0
DA:216,0
DA:217,0
DA:220,0
DA:228,0
DA:232,0
DA:235,0
DA:236,0
DA:237,0
DA:238,0
DA:240,0
DA:242,0
DA:243,0
DA:244,0
DA:253,0
DA:254,0
DA:255,0
DA:256,0
DA:257,0
DA:258,0
DA:259,0
DA:260,0
DA:261,0
DA:265,0
DA:270,0
DA:271,0
DA:272,0
DA:282,0
DA:283,0
DA:284,0
DA:285,0
DA:288,0
DA:289,0
DA:290,0
DA:301,0
DA:302,0
DA:303,0
DA:304,0
DA:305,0
DA:307,0
DA:310,0
DA:355,0
DA:358,0
DA:360,0
DA:361,0
DA:369,0
DA:371,0
LF:109
LH:0
BRDA:97,0,0,0
BRDA:97,0,1,0
BRDA:102,1,0,0
BRDA:102,1,1,0
BRDA:102,2,0,0
BRDA:102,2,1,0
BRDA:102,2,2,0
BRDA:108,3,0,0
BRDA:108,3,1,0
BRDA:139,4,0,0
BRDA:139,4,1,0
BRDA:139,5,0,0
BRDA:139,5,1,0
BRDA:161,6,0,0
BRDA:161,6,1,0
BRDA:161,7,0,0
BRDA:161,7,1,0
BRDA:207,8,0,0
BRDA:207,8,1,0
BRDA:207,9,0,0
BRDA:207,9,1,0
BRDA:207,9,2,0
BRDA:210,10,0,0
BRDA:210,10,1,0
BRDA:212,11,0,0
BRDA:212,11,1,0
BRDA:228,12,0,0
BRDA:228,12,1,0
BRDA:228,13,0,0
BRDA:228,13,1,0
BRDA:242,14,0,0
BRDA:242,14,1,0
BRDA:253,15,0,0
BRDA:253,15,1,0
BRDA:253,16,0,0
BRDA:253,16,1,0
BRDA:255,17,0,0
BRDA:255,17,1,0
BRDA:261,18,0,0
BRDA:261,18,1,0
BRDA:303,19,0,0
BRDA:303,19,1,0
BRDA:332,20,0,0
BRDA:332,20,1,0
BRDA:332,21,0,0
BRDA:332,21,1,0
BRDA:333,22,0,0
BRDA:333,22,1,0
BRDA:335,23,0,0
BRDA:335,23,1,0
BRDA:339,24,0,0
BRDA:339,24,1,0
BRDA:339,25,0,0
BRDA:339,25,1,0
BRDA:340,26,0,0
BRDA:340,26,1,0
BRDA:340,27,0,0
BRDA:340,27,1,0
BRDA:355,28,0,0
BRDA:355,28,1,0
BRDA:360,29,0,0
BRDA:360,29,1,0
BRDA:360,30,0,0
BRDA:360,30,1,0
BRDA:369,31,0,0
BRDA:369,31,1,0
BRF:66
BRH:0
end_of_record
TN:
SF:src/features/sync/SyncProvider.tsx
FN:23,SyncProvider
FN:41,useSync
FN:54,(anonymous_2)
FN:55,(anonymous_3)
FN:56,(anonymous_4)
FNF:5
FNH:0
FNDA:0,SyncProvider
FNDA:0,useSync
FNDA:0,(anonymous_2)
FNDA:0,(anonymous_3)
FNDA:0,(anonymous_4)
DA:21,0
DA:30,0
DA:31,0
DA:42,0
DA:43,0
DA:45,0
DA:54,0
DA:55,0
LF:8
LH:0
BRDA:43,0,0,0
BRDA:43,0,1,0
BRF:2
BRH:0
end_of_record
TN:
SF:src/features/sync/useSyncEngine.ts
FN:45,useSyncEngine
FN:61,(anonymous_1)
FN:64,(anonymous_2)
FN:83,(anonymous_3)
FN:90,(anonymous_4)
FN:90,(anonymous_5)
FN:93,(anonymous_6)
FN:108,(anonymous_7)
FN:118,(anonymous_8)
FN:124,(anonymous_9)
FN:128,(anonymous_10)
FN:137,(anonymous_11)
FN:141,(anonymous_12)
FN:152,(anonymous_13)
FN:153,(anonymous_14)
FN:154,(anonymous_15)
FN:163,(anonymous_16)
FN:164,(anonymous_17)
FN:166,(anonymous_18)
FN:172,(anonymous_19)
FN:176,(anonymous_20)
FN:177,(anonymous_21)
FN:178,(anonymous_22)
FN:182,(anonymous_23)
FN:194,(anonymous_24)
FN:196,(anonymous_25)
FNF:26
FNH:0
FNDA:0,useSyncEngine
FNDA:0,(anonymous_1)
FNDA:0,(anonymous_2)
FNDA:0,(anonymous_3)
FNDA:0,(anonymous_4)
FNDA:0,(anonymous_5)
FNDA:0,(anonymous_6)
FNDA:0,(anonymous_7)
FNDA:0,(anonymous_8)
FNDA:0,(anonymous_9)
FNDA:0,(anonymous_10)
FNDA:0,(anonymous_11)
FNDA:0,(anonymous_12)
FNDA:0,(anonymous_13)
FNDA:0,(anonymous_14)
FNDA:0,(anonymous_15)
FNDA:0,(anonymous_16)
FNDA:0,(anonymous_17)
FNDA:0,(anonymous_18)
FNDA:0,(anonymous_19)
FNDA:0,(anonymous_20)
FNDA:0,(anonymous_21)
FNDA:0,(anonymous_22)
FNDA:0,(anonymous_23)
FNDA:0,(anonymous_24)
FNDA:0,(anonymous_25)
DA:29,0
DA:46,0
DA:47,0
DA:58,0
DA:59,0
DA:61,0
DA:62,0
DA:63,0
DA:64,0
DA:82,0
DA:84,0
DA:86,0
DA:87,0
DA:88,0
DA:90,0
DA:93,0
DA:100,0
DA:103,0
DA:104,0
DA:106,0
DA:108,0
DA:109,0
DA:111,0
DA:117,0
DA:119,0
DA:120,0
DA:121,0
DA:123,0
DA:124,0
DA:126,0
DA:127,0
DA:131,0
DA:132,0
DA:133,0
DA:137,0
DA:138,0
DA:139,0
DA:141,0
DA:142,0
DA:144,0
DA:145,0
DA:152,0
DA:153,0
DA:154,0
DA:155,0
DA:156,0
DA:157,0
DA:163,0
DA:164,0
DA:165,0
DA:166,0
DA:167,0
DA:168,0
DA:171,0
DA:172,0
DA:176,0
DA:177,0
DA:178,0
DA:182,0
DA:183,0
DA:184,0
DA:188,0
DA:191,0
DA:194,0
DA:196,0
LF:65
LH:0
BRDA:62,0,0,0
BRDA:62,0,1,0
BRDA:70,1,0,0
BRDA:70,1,1,0
BRDA:83,2,0,0
BRDA:84,3,0,0
BRDA:84,3,1,0
BRDA:84,4,0,0
BRDA:84,4,1,0
BRDA:84,4,2,0
BRDA:97,5,0,0
BRDA:97,5,1,0
BRDA:100,6,0,0
BRDA:100,6,1,0
BRDA:119,7,0,0
BRDA:119,7,1,0
BRDA:119,8,0,0
BRDA:119,8,1,0
BRDA:120,9,0,0
BRDA:120,9,1,0
BRDA:121,10,0,0
BRDA:121,10,1,0
BRDA:155,11,0,0
BRDA:155,11,1,0
BRDA:165,12,0,0
BRDA:165,12,1,0
BRF:26
BRH:0
end_of_record
TN:
SF:src/game/animator.ts
FN:45,(anonymous_0)
FN:54,(anonymous_1)
FN:58,(anonymous_2)
FN:68,(anonymous_3)
FN:81,(anonymous_4)
FN:95,(anonymous_5)
FN:107,(anonymous_6)
FN:114,(anonymous_7)
FN:128,(anonymous_8)
FN:131,(anonymous_9)
FNF:10
FNH:10
FNDA:7,(anonymous_0)
FNDA:1,(anonymous_1)
FNDA:1,(anonymous_2)
FNDA:8,(anonymous_3)
FNDA:3,(anonymous_4)
FNDA:1,(anonymous_5)
FNDA:70,(anonymous_6)
FNDA:73,(anonymous_7)
FNDA:66,(anonymous_8)
FNDA:15,(anonymous_9)
DA:36,1
DA:37,1
DA:40,7
DA:41,7
DA:42,7
DA:46,7
DA:55,1
DA:59,1
DA:69,8
DA:70,8
DA:71,8
DA:73,8
DA:74,1
DA:75,1
DA:77,7
DA:82,3
DA:83,3
DA:84,12
DA:90,3
DA:91,3
DA:96,1
DA:97,1
DA:98,1
DA:108,70
DA:109,70
DA:110,70
DA:111,60
DA:115,73
DA:116,3
DA:117,3
DA:118,3
DA:121,70
DA:126,70
DA:128,70
DA:132,15
DA:133,7
DA:134,7
LF:37
LH:37
BRDA:47,0,0,7
BRDA:47,0,1,7
BRDA:48,1,0,7
BRDA:48,1,1,7
BRDA:73,2,0,1
BRDA:73,2,1,7
BRDA:110,3,0,10
BRDA:110,3,1,60
BRDA:115,4,0,3
BRDA:115,4,1,70
BRDA:132,5,0,7
BRDA:132,5,1,8
BRF:12
BRH:12
end_of_record
TN:
SF:src/game/renderer/benteng/Board.tsx
FN:52,BentengBoard
FN:63,(anonymous_1)
FN:81,(anonymous_2)
FN:81,(anonymous_3)
FN:86,(anonymous_4)
FN:97,(anonymous_5)
FN:111,(anonymous_6)
FN:113,(anonymous_7)
FN:117,(anonymous_8)
FN:140,(anonymous_9)
FN:189,Prisoners
FN:191,(anonymous_11)
FN:194,(anonymous_12)
FN:195,(anonymous_13)
FNF:14
FNH:0
FNDA:0,BentengBoard
FNDA:0,(anonymous_1)
FNDA:0,(anonymous_2)
FNDA:0,(anonymous_3)
FNDA:0,(anonymous_4)
FNDA:0,(anonymous_5)
FNDA:0,(anonymous_6)
FNDA:0,(anonymous_7)
FNDA:0,(anonymous_8)
FNDA:0,(anonymous_9)
FNDA:0,Prisoners
FNDA:0,(anonymous_11)
FNDA:0,(anonymous_12)
FNDA:0,(anonymous_13)
DA:61,0
DA:63,0
DA:64,0
DA:65,0
DA:66,0
DA:68,0
DA:69,0
DA:70,0
DA:72,0
DA:73,0
DA:74,0
DA:75,0
DA:77,0
DA:80,0
DA:81,0
DA:85,0
DA:86,0
DA:95,0
DA:97,0
DA:98,0
DA:99,0
DA:100,0
DA:101,0
DA:102,0
DA:103,0
DA:105,0
DA:108,0
DA:112,0
DA:114,0
DA:115,0
DA:116,0
DA:117,0
DA:118,0
DA:119,0
DA:121,0
DA:133,0
DA:141,0
DA:142,0
DA:143,0
DA:145,0
DA:190,0
DA:191,0
DA:192,0
DA:194,0
DA:195,0
DA:197,0
DA:213,0
DA:215,0
LF:48
LH:0
BRDA:59,0,0,0
BRDA:70,1,0,0
BRDA:70,1,1,0
BRDA:73,2,0,0
BRDA:73,2,1,0
BRDA:75,3,0,0
BRDA:75,3,1,0
BRDA:85,4,0,0
BRDA:85,4,1,0
BRDA:86,5,0,0
BRDA:86,5,1,0
BRDA:95,6,0,0
BRDA:95,6,1,0
BRDA:98,7,0,0
BRDA:98,7,1,0
BRDA:100,8,0,0
BRDA:100,8,1,0
BRDA:103,9,0,0
BRDA:103,9,1,0
BRDA:115,10,0,0
BRDA:115,10,1,0
BRDA:116,11,0,0
BRDA:116,11,1,0
BRDA:117,12,0,0
BRDA:117,12,1,0
BRDA:118,13,0,0
BRDA:118,13,1,0
BRDA:119,14,0,0
BRDA:119,14,1,0
BRDA:121,15,0,0
BRDA:121,15,1,0
BRDA:124,16,0,0
BRDA:124,16,1,0
BRDA:125,17,0,0
BRDA:125,17,1,0
BRDA:127,18,0,0
BRDA:127,18,1,0
BRDA:129,19,0,0
BRDA:129,19,1,0
BRDA:141,20,0,0
BRDA:141,20,1,0
BRDA:141,21,0,0
BRDA:141,21,1,0
BRDA:142,22,0,0
BRDA:142,22,1,0
BRDA:142,23,0,0
BRDA:142,23,1,0
BRDA:143,24,0,0
BRDA:143,24,1,0
BRDA:149,25,0,0
BRDA:149,25,1,0
BRDA:150,26,0,0
BRDA:150,26,1,0
BRDA:150,26,2,0
BRDA:151,27,0,0
BRDA:151,27,1,0
BRDA:154,28,0,0
BRDA:154,28,1,0
BRDA:158,29,0,0
BRDA:158,29,1,0
BRDA:159,30,0,0
BRDA:159,30,1,0
BRDA:162,31,0,0
BRDA:162,31,1,0
BRDA:165,32,0,0
BRDA:165,32,1,0
BRDA:167,33,0,0
BRDA:167,33,1,0
BRDA:192,34,0,0
BRDA:192,34,1,0
BRDA:199,35,0,0
BRDA:199,35,1,0
BRDA:204,36,0,0
BRDA:204,36,1,0
BRF:74
BRH:0
end_of_record
TN:
SF:src/game/renderer/congklak/Board.tsx
FN:34,CongklakBoard
FN:50,(anonymous_1)
FN:57,(anonymous_2)
FN:67,(anonymous_3)
FN:89,(anonymous_4)
FN:99,(anonymous_5)
FN:108,Pit
FN:146,Store
FNF:8
FNH:0
FNDA:0,CongklakBoard
FNDA:0,(anonymous_1)
FNDA:0,(anonymous_2)
FNDA:0,(anonymous_3)
FNDA:0,(anonymous_4)
FNDA:0,(anonymous_5)
FNDA:0,Pit
FNDA:0,Store
DA:41,0
DA:43,0
DA:44,0
DA:45,0
DA:50,0
DA:51,0
DA:52,0
DA:53,0
DA:54,0
DA:57,0
DA:58,0
DA:59,0
DA:60,0
DA:61,0
DA:64,0
DA:68,0
DA:90,0
DA:91,0
DA:99,0
DA:123,0
DA:125,0
DA:155,0
DA:167,0
LF:23
LH:0
BRDA:38,0,0,0
BRDA:39,1,0,0
BRDA:45,2,0,0
BRDA:45,2,1,0
BRDA:51,3,0,0
BRDA:51,3,1,0
BRDA:71,4,0,0
BRDA:71,4,1,0
BRDA:80,5,0,0
BRDA:80,5,1,0
BRDA:85,6,0,0
BRDA:85,6,1,0
BRDA:95,7,0,0
BRDA:95,7,1,0
BRDA:99,8,0,0
BRDA:99,8,1,0
BRDA:99,9,0,0
BRDA:99,9,1,0
BRDA:112,10,0,0
BRDA:113,11,0,0
BRDA:127,12,0,0
BRDA:127,12,1,0
BRDA:136,13,0,0
BRDA:136,13,1,0
BRDA:137,14,0,0
BRDA:137,14,1,0
BRDA:138,15,0,0
BRDA:138,15,1,0
BRDA:159,16,0,0
BRDA:159,16,1,0
BRF:30
BRH:0
end_of_record
TN:
SF:src/lib/config.ts
FN:18,required
FNF:1
FNH:0
FNDA:0,required
DA:19,0
DA:22,0
DA:26,0
DA:37,0
DA:39,0
DA:60,0
LF:6
LH:0
BRDA:19,0,0,0
BRDA:19,0,1,0
BRDA:19,1,0,0
BRDA:19,1,1,0
BRDA:37,2,0,0
BRDA:37,2,1,0
BRDA:42,3,0,0
BRDA:42,3,1,0
BRDA:46,4,0,0
BRDA:46,4,1,0
BRDA:46,5,0,0
BRDA:46,5,1,0
BRDA:49,6,0,0
BRDA:49,6,1,0
BRDA:57,7,0,0
BRDA:57,7,1,0
BRF:16
BRH:0
end_of_record
TN:
SF:src/lib/net.ts
FN:22,toConnectivity
FN:33,startConnectivityWatch
FN:34,(anonymous_2)
FN:38,(anonymous_3)
FN:41,(anonymous_4)
FN:48,connectivity
FN:52,isOnline
FN:57,onConnectivityChange
FN:59,(anonymous_8)
FN:63,refreshConnectivity
FNF:10
FNH:0
FNDA:0,toConnectivity
FNDA:0,startConnectivityWatch
FNDA:0,(anonymous_2)
FNDA:0,(anonymous_3)
FNDA:0,(anonymous_4)
FNDA:0,connectivity
FNDA:0,isOnline
FNDA:0,onConnectivityChange
FNDA:0,(anonymous_8)
FNDA:0,refreshConnectivity
DA:19,0
DA:20,0
DA:23,0
DA:34,0
DA:35,0
DA:36,0
DA:37,0
DA:38,0
DA:41,0
DA:42,0
DA:45,0
DA:49,0
DA:53,0
DA:58,0
DA:59,0
DA:64,0
DA:65,0
LF:17
LH:0
BRDA:27,0,0,0
BRDA:27,0,1,0
BRDA:36,1,0,0
BRDA:36,1,1,0
BRDA:38,2,0,0
BRDA:38,2,1,0
BRF:6
BRH:0
end_of_record
TN:
SF:src/lib/thirdweb.ts
FNF:0
FNH:0
DA:23,0
DA:35,0
LF:2
LH:0
BRF:0
BRH:0
end_of_record
